[0.066s] Invoking command in '/home/rock-e/motor_control/build/diffdrive_arduino': CMAKE_PREFIX_PATH=/opt/ros/humble /usr/bin/cmake /home/rock-e/motor_control/src/diffdrive_arduino -DAMENT_CMAKE_SYMLINK_INSTALL=1 -DCMAKE_INSTALL_PREFIX=/home/rock-e/motor_control/install/diffdrive_arduino
[0.523s] -- The CXX compiler identification is GNU 11.4.0
[0.589s] -- Detecting CXX compiler ABI info
[1.052s] -- Detecting CXX compiler ABI info - done
[1.084s] -- Check for working CXX compiler: /usr/bin/c++ - skipped
[1.090s] -- Detecting CXX compile features
[1.093s] -- Detecting CXX compile features - done
[1.165s] -- Found ament_cmake: 1.3.9 (/opt/ros/humble/share/ament_cmake/cmake)
[2.060s] -- Found Python3: /usr/bin/python3 (found version "3.10.12") found components: Interpreter 
[2.419s] -- Override CMake install command with custom implementation using symlinks instead of copying resources
[2.896s] -- Found hardware_interface: 2.41.0 (/opt/ros/humble/share/hardware_interface/cmake)
[3.490s] -- Found rosidl_generator_c: 3.1.5 (/opt/ros/humble/share/rosidl_generator_c/cmake)
[3.564s] -- Found rosidl_adapter: 3.1.5 (/opt/ros/humble/share/rosidl_adapter/cmake)
[3.662s] -- Found rosidl_generator_cpp: 3.1.5 (/opt/ros/humble/share/rosidl_generator_cpp/cmake)
[3.804s] -- Using all available rosidl_typesupport_c: rosidl_typesupport_fastrtps_c;rosidl_typesupport_introspection_c
[3.990s] -- Using all available rosidl_typesupport_cpp: rosidl_typesupport_fastrtps_cpp;rosidl_typesupport_introspection_cpp
[8.109s] -- Found rmw_implementation_cmake: 6.1.2 (/opt/ros/humble/share/rmw_implementation_cmake/cmake)
[8.147s] -- Found rmw_fastrtps_cpp: 6.2.6 (/opt/ros/humble/share/rmw_fastrtps_cpp/cmake)
[8.472s] -- Found TinyXML2 via Config file: TinyXML2_DIR-NOTFOUND
[8.777s] -- Found OpenSSL: /usr/lib/aarch64-linux-gnu/libcrypto.so (found version "3.0.2")  
[8.797s] -- Found TinyXML2 via Config file: TinyXML2_DIR-NOTFOUND
[8.900s] -- Found FastRTPS: /opt/ros/humble/include  
[8.944s] -- Found TinyXML2 via Config file: TinyXML2_DIR-NOTFOUND
[8.981s] -- Found TinyXML2 via Config file: TinyXML2_DIR-NOTFOUND
[9.027s] -- Using RMW implementation 'rmw_fastrtps_cpp' as default
[9.158s] -- Looking for C++ include pthread.h
[9.621s] -- Looking for C++ include pthread.h - found
[9.623s] -- Performing Test CMAKE_HAVE_LIBC_PTHREAD
[10.074s] -- Performing Test CMAKE_HAVE_LIBC_PTHREAD - Success
[10.080s] -- Found Threads: TRUE  
[11.262s] -- Found ament_cmake_gtest: 1.3.9 (/opt/ros/humble/share/ament_cmake_gtest/cmake)
[11.647s] -- Configuring done
[11.840s] -- Generating done
[11.848s] -- Build files have been written to: /home/rock-e/motor_control/build/diffdrive_arduino
[11.889s] Invoked command in '/home/rock-e/motor_control/build/diffdrive_arduino' returned '0': CMAKE_PREFIX_PATH=/opt/ros/humble /usr/bin/cmake /home/rock-e/motor_control/src/diffdrive_arduino -DAMENT_CMAKE_SYMLINK_INSTALL=1 -DCMAKE_INSTALL_PREFIX=/home/rock-e/motor_control/install/diffdrive_arduino
[11.901s] Invoking command in '/home/rock-e/motor_control/build/diffdrive_arduino': CMAKE_PREFIX_PATH=/opt/ros/humble /usr/bin/cmake --build /home/rock-e/motor_control/build/diffdrive_arduino -- -j4 -l4
[12.146s] [ 50%] [32mBuilding CXX object CMakeFiles/diffdrive_arduino.dir/hardware/diffbot_system.cpp.o[0m
[24.608s] [01m[K/home/rock-e/motor_control/src/diffdrive_arduino/hardware/diffbot_system.cpp:[m[K In member function ‘[01m[Kvirtual hardware_interface::return_type diffdrive_arduino::DiffDriveArduinoHardware::read(const rclcpp::Time&, const rclcpp::Duration&)[m[K’:
[24.609s] [01m[K/home/rock-e/motor_control/src/diffdrive_arduino/hardware/diffbot_system.cpp:197:59:[m[K [01;35m[Kwarning: [m[Kunused parameter ‘[01m[Kperiod[m[K’ [[01;35m[K]8;;https://gcc.gnu.org/onlinedocs/gcc/Warning-Options.html#index-Wunused-parameter-Wunused-parameter]8;;[m[K]
[24.610s]   197 |   const rclcpp::Time & /*time*/, [01;35m[Kconst rclcpp::Duration & period[m[K)
[24.611s]       |                                  [01;35m[K~~~~~~~~~~~~~~~~~~~~~~~~~^~~~~~[m[K
[29.884s] [100%] [32m[1mLinking CXX shared library libdiffdrive_arduino.so[0m
[30.981s] [100%] Built target diffdrive_arduino
[31.029s] Invoked command in '/home/rock-e/motor_control/build/diffdrive_arduino' returned '0': CMAKE_PREFIX_PATH=/opt/ros/humble /usr/bin/cmake --build /home/rock-e/motor_control/build/diffdrive_arduino -- -j4 -l4
[31.231s] Invoking command in '/home/rock-e/motor_control/build/diffdrive_arduino': CMAKE_PREFIX_PATH=/opt/ros/humble /usr/bin/cmake --install /home/rock-e/motor_control/build/diffdrive_arduino
[31.262s] -- Install configuration: ""
[31.264s] -- Execute custom install script
[31.267s] -- Symlinking: /home/rock-e/motor_control/install/diffdrive_arduino/share/diffdrive_arduino//diffdrive_arduino.xml
[31.306s] -- Symlinking: /home/rock-e/motor_control/install/diffdrive_arduino/include/diffdrive_arduino/diffdrive_arduino/arduino_comms.hpp
[31.344s] -- Symlinking: /home/rock-e/motor_control/install/diffdrive_arduino/include/diffdrive_arduino/diffdrive_arduino/diffbot_system.hpp
[31.383s] -- Symlinking: /home/rock-e/motor_control/install/diffdrive_arduino/include/diffdrive_arduino/diffdrive_arduino/visibility_control.h
[31.421s] -- Symlinking: /home/rock-e/motor_control/install/diffdrive_arduino/include/diffdrive_arduino/diffdrive_arduino/wheel.hpp
[31.458s] -- Symlinking: /home/rock-e/motor_control/install/diffdrive_arduino/share/diffdrive_arduino/launch/view_robot.launch.py
[31.499s] -- Symlinking: /home/rock-e/motor_control/install/diffdrive_arduino/share/diffdrive_arduino/ros2_control/diffbot.ros2_control.xacro
[31.538s] -- Symlinking: /home/rock-e/motor_control/install/diffdrive_arduino/share/diffdrive_arduino/urdf/diffbot.materials.xacro
[31.576s] -- Symlinking: /home/rock-e/motor_control/install/diffdrive_arduino/share/diffdrive_arduino/urdf/diffbot.urdf.xacro
[31.614s] -- Symlinking: /home/rock-e/motor_control/install/diffdrive_arduino/share/diffdrive_arduino/urdf/diffbot_description.urdf.xacro
[31.652s] -- Symlinking: /home/rock-e/motor_control/install/diffdrive_arduino/share/diffdrive_arduino/rviz/diffbot.rviz
[31.691s] -- Symlinking: /home/rock-e/motor_control/install/diffdrive_arduino/share/diffdrive_arduino/rviz/diffbot_view.rviz
[31.729s] -- Symlinking: /home/rock-e/motor_control/install/diffdrive_arduino/share/diffdrive_arduino/launch/diffbot.launch.py
[31.768s] -- Symlinking: /home/rock-e/motor_control/install/diffdrive_arduino/share/diffdrive_arduino/config/diffbot_controllers.yaml
[31.807s] -- Symlinking: /home/rock-e/motor_control/install/diffdrive_arduino/share/diffdrive_arduino/environment/library_path.sh
[31.844s] -- Symlinking: /home/rock-e/motor_control/install/diffdrive_arduino/share/diffdrive_arduino/environment/library_path.dsv
[31.884s] -- Symlinking: /home/rock-e/motor_control/install/diffdrive_arduino/share/ament_index/resource_index/package_run_dependencies/diffdrive_arduino
[31.922s] -- Symlinking: /home/rock-e/motor_control/install/diffdrive_arduino/share/ament_index/resource_index/parent_prefix_path/diffdrive_arduino
[31.960s] -- Symlinking: /home/rock-e/motor_control/install/diffdrive_arduino/share/diffdrive_arduino/environment/ament_prefix_path.sh
[31.998s] -- Symlinking: /home/rock-e/motor_control/install/diffdrive_arduino/share/diffdrive_arduino/environment/ament_prefix_path.dsv
[32.036s] -- Symlinking: /home/rock-e/motor_control/install/diffdrive_arduino/share/diffdrive_arduino/environment/path.sh
[32.074s] -- Symlinking: /home/rock-e/motor_control/install/diffdrive_arduino/share/diffdrive_arduino/environment/path.dsv
[32.112s] -- Symlinking: /home/rock-e/motor_control/install/diffdrive_arduino/share/diffdrive_arduino/local_setup.bash
[32.150s] -- Symlinking: /home/rock-e/motor_control/install/diffdrive_arduino/share/diffdrive_arduino/local_setup.sh
[32.190s] -- Symlinking: /home/rock-e/motor_control/install/diffdrive_arduino/share/diffdrive_arduino/local_setup.zsh
[32.227s] -- Symlinking: /home/rock-e/motor_control/install/diffdrive_arduino/share/diffdrive_arduino/local_setup.dsv
[32.264s] -- Symlinking: /home/rock-e/motor_control/install/diffdrive_arduino/share/diffdrive_arduino/package.dsv
[32.304s] -- Symlinking: /home/rock-e/motor_control/install/diffdrive_arduino/share/ament_index/resource_index/packages/diffdrive_arduino
[32.342s] -- Symlinking: /home/rock-e/motor_control/install/diffdrive_arduino/share/ament_index/resource_index/hardware_interface__pluginlib__plugin/diffdrive_arduino
[32.380s] -- Symlinking: /home/rock-e/motor_control/install/diffdrive_arduino/share/diffdrive_arduino/cmake/ament_cmake_export_targets-extras.cmake
[32.418s] -- Symlinking: /home/rock-e/motor_control/install/diffdrive_arduino/share/diffdrive_arduino/cmake/ament_cmake_export_dependencies-extras.cmake
[32.455s] -- Symlinking: /home/rock-e/motor_control/install/diffdrive_arduino/share/diffdrive_arduino/cmake/diffdrive_arduinoConfig.cmake
[32.493s] -- Symlinking: /home/rock-e/motor_control/install/diffdrive_arduino/share/diffdrive_arduino/cmake/diffdrive_arduinoConfig-version.cmake
[32.531s] -- Symlinking: /home/rock-e/motor_control/install/diffdrive_arduino/share/diffdrive_arduino/package.xml
[32.570s] -- Installing: /home/rock-e/motor_control/install/diffdrive_arduino/lib/libdiffdrive_arduino.so
[32.578s] -- Set runtime path of "/home/rock-e/motor_control/install/diffdrive_arduino/lib/libdiffdrive_arduino.so" to ""
[32.579s] -- Installing: /home/rock-e/motor_control/install/diffdrive_arduino/share/diffdrive_arduino/cmake/export_diffdrive_arduinoExport.cmake
[32.580s] -- Installing: /home/rock-e/motor_control/install/diffdrive_arduino/share/diffdrive_arduino/cmake/export_diffdrive_arduinoExport-noconfig.cmake
[32.590s] Invoked command in '/home/rock-e/motor_control/build/diffdrive_arduino' returned '0': CMAKE_PREFIX_PATH=/opt/ros/humble /usr/bin/cmake --install /home/rock-e/motor_control/build/diffdrive_arduino
