[0.090s] Invoking command in '/home/rock-e/motor_control/build/diffdrive_arduino': CMAKE_PREFIX_PATH=${CMAKE_PREFIX_PATH}:/opt/ros/humble /usr/bin/cmake /home/rock-e/motor_control/src/diffdrive_arduino -DCMAKE_INSTALL_PREFIX=/home/rock-e/motor_control/install/diffdrive_arduino
[0.817s] -- Found ament_cmake: 1.3.10 (/opt/ros/humble/share/ament_cmake/cmake)
[1.523s] -- Override CMake install command with custom implementation using symlinks instead of copying resources
[1.610s] -- Found hardware_interface: 2.43.1 (/opt/ros/humble/share/hardware_interface/cmake)
[1.886s] -- Found rosidl_generator_c: 3.1.5 (/opt/ros/humble/share/rosidl_generator_c/cmake)
[1.904s] -- Found rosidl_adapter: 3.1.5 (/opt/ros/humble/share/rosidl_adapter/cmake)
[1.947s] -- Found rosidl_generator_cpp: 3.1.5 (/opt/ros/humble/share/rosidl_generator_cpp/cmake)
[2.020s] -- Using all available rosidl_typesupport_c: rosidl_typesupport_fastrtps_c;rosidl_typesupport_introspection_c
[2.103s] -- Using all available rosidl_typesupport_cpp: rosidl_typesupport_fastrtps_cpp;rosidl_typesupport_introspection_cpp
[3.397s] -- Found rmw_implementation_cmake: 6.1.2 (/opt/ros/humble/share/rmw_implementation_cmake/cmake)
[3.409s] -- Found rmw_fastrtps_cpp: 6.2.7 (/opt/ros/humble/share/rmw_fastrtps_cpp/cmake)
[3.545s] -- Found TinyXML2 via Config file: TinyXML2_DIR-NOTFOUND
[3.621s] -- Found TinyXML2 via Config file: TinyXML2_DIR-NOTFOUND
[3.729s] -- Found TinyXML2 via Config file: TinyXML2_DIR-NOTFOUND
[3.766s] -- Found TinyXML2 via Config file: TinyXML2_DIR-NOTFOUND
[3.808s] -- Using RMW implementation 'rmw_fastrtps_cpp' as default
[4.184s] -- Found ament_cmake_gtest: 1.3.10 (/opt/ros/humble/share/ament_cmake_gtest/cmake)
[4.624s] -- Configuring done
[5.057s] -- Generating done
[5.073s] -- Build files have been written to: /home/rock-e/motor_control/build/diffdrive_arduino
[5.115s] Invoked command in '/home/rock-e/motor_control/build/diffdrive_arduino' returned '0': CMAKE_PREFIX_PATH=${CMAKE_PREFIX_PATH}:/opt/ros/humble /usr/bin/cmake /home/rock-e/motor_control/src/diffdrive_arduino -DCMAKE_INSTALL_PREFIX=/home/rock-e/motor_control/install/diffdrive_arduino
[5.131s] Invoking command in '/home/rock-e/motor_control/build/diffdrive_arduino': CMAKE_PREFIX_PATH=${CMAKE_PREFIX_PATH}:/opt/ros/humble /usr/bin/cmake --build /home/rock-e/motor_control/build/diffdrive_arduino -- -j4 -l4
[5.334s] [35m[1mConsolidate compiler generated dependencies of target diffdrive_arduino[0m
[5.569s] [ 50%] [32mBuilding CXX object CMakeFiles/diffdrive_arduino.dir/hardware/diffbot_system.cpp.o[0m
[20.032s] [01m[K/home/rock-e/motor_control/src/diffdrive_arduino/hardware/diffbot_system.cpp:[m[K In member function ‘[01m[Kvirtual hardware_interface::return_type diffdrive_arduino::DiffDriveArduinoHardware::read(const rclcpp::Time&, const rclcpp::Duration&)[m[K’:
[20.033s] [01m[K/home/rock-e/motor_control/src/diffdrive_arduino/hardware/diffbot_system.cpp:185:59:[m[K [01;35m[Kwarning: [m[Kunused parameter ‘[01m[Kperiod[m[K’ [[01;35m[K]8;;https://gcc.gnu.org/onlinedocs/gcc/Warning-Options.html#index-Wunused-parameter-Wunused-parameter]8;;[m[K]
[20.034s]   185 |   const rclcpp::Time & /*time*/, [01;35m[Kconst rclcpp::Duration & period[m[K)
[20.035s]       |                                  [01;35m[K~~~~~~~~~~~~~~~~~~~~~~~~~^~~~~~[m[K
[25.369s] [100%] [32m[1mLinking CXX shared library libdiffdrive_arduino.so[0m
[26.827s] [100%] Built target diffdrive_arduino
[26.873s] Invoked command in '/home/rock-e/motor_control/build/diffdrive_arduino' returned '0': CMAKE_PREFIX_PATH=${CMAKE_PREFIX_PATH}:/opt/ros/humble /usr/bin/cmake --build /home/rock-e/motor_control/build/diffdrive_arduino -- -j4 -l4
[27.060s] Invoking command in '/home/rock-e/motor_control/build/diffdrive_arduino': CMAKE_PREFIX_PATH=${CMAKE_PREFIX_PATH}:/opt/ros/humble /usr/bin/cmake --install /home/rock-e/motor_control/build/diffdrive_arduino
[27.091s] -- Install configuration: ""
[27.094s] -- Execute custom install script
[27.100s] -- Up-to-date symlink: /home/rock-e/motor_control/install/diffdrive_arduino/share/diffdrive_arduino//diffdrive_arduino.xml
[27.107s] -- Up-to-date symlink: /home/rock-e/motor_control/install/diffdrive_arduino/include/diffdrive_arduino/diffdrive_arduino/arduino_comms.hpp
[27.110s] -- Up-to-date symlink: /home/rock-e/motor_control/install/diffdrive_arduino/include/diffdrive_arduino/diffdrive_arduino/diffbot_system.hpp
[27.113s] -- Up-to-date symlink: /home/rock-e/motor_control/install/diffdrive_arduino/include/diffdrive_arduino/diffdrive_arduino/visibility_control.h
[27.117s] -- Up-to-date symlink: /home/rock-e/motor_control/install/diffdrive_arduino/include/diffdrive_arduino/diffdrive_arduino/wheel.hpp
[27.121s] -- Up-to-date symlink: /home/rock-e/motor_control/install/diffdrive_arduino/share/diffdrive_arduino/launch/view_robot.launch.py
[27.125s] -- Up-to-date symlink: /home/rock-e/motor_control/install/diffdrive_arduino/share/diffdrive_arduino/ros2_control/diffbot.ros2_control.xacro
[27.130s] -- Up-to-date symlink: /home/rock-e/motor_control/install/diffdrive_arduino/share/diffdrive_arduino/urdf/diffbot.materials.xacro
[27.132s] -- Up-to-date symlink: /home/rock-e/motor_control/install/diffdrive_arduino/share/diffdrive_arduino/urdf/diffbot.urdf.xacro
[27.134s] -- Up-to-date symlink: /home/rock-e/motor_control/install/diffdrive_arduino/share/diffdrive_arduino/urdf/diffbot_description.urdf.xacro
[27.139s] -- Up-to-date symlink: /home/rock-e/motor_control/install/diffdrive_arduino/share/diffdrive_arduino/rviz/diffbot.rviz
[27.140s] -- Up-to-date symlink: /home/rock-e/motor_control/install/diffdrive_arduino/share/diffdrive_arduino/rviz/diffbot_view.rviz
[27.143s] -- Up-to-date symlink: /home/rock-e/motor_control/install/diffdrive_arduino/share/diffdrive_arduino/launch/diffbot.launch.py
[27.147s] -- Up-to-date symlink: /home/rock-e/motor_control/install/diffdrive_arduino/share/diffdrive_arduino/config/diffbot_controllers.yaml
[27.149s] -- Up-to-date symlink: /home/rock-e/motor_control/install/diffdrive_arduino/share/diffdrive_arduino/environment/library_path.sh
[27.151s] -- Up-to-date symlink: /home/rock-e/motor_control/install/diffdrive_arduino/share/diffdrive_arduino/environment/library_path.dsv
[27.154s] -- Up-to-date symlink: /home/rock-e/motor_control/install/diffdrive_arduino/share/ament_index/resource_index/package_run_dependencies/diffdrive_arduino
[27.158s] -- Up-to-date symlink: /home/rock-e/motor_control/install/diffdrive_arduino/share/ament_index/resource_index/parent_prefix_path/diffdrive_arduino
[27.160s] -- Up-to-date symlink: /home/rock-e/motor_control/install/diffdrive_arduino/share/diffdrive_arduino/environment/ament_prefix_path.sh
[27.162s] -- Up-to-date symlink: /home/rock-e/motor_control/install/diffdrive_arduino/share/diffdrive_arduino/environment/ament_prefix_path.dsv
[27.164s] -- Up-to-date symlink: /home/rock-e/motor_control/install/diffdrive_arduino/share/diffdrive_arduino/environment/path.sh
[27.166s] -- Up-to-date symlink: /home/rock-e/motor_control/install/diffdrive_arduino/share/diffdrive_arduino/environment/path.dsv
[27.167s] -- Up-to-date symlink: /home/rock-e/motor_control/install/diffdrive_arduino/share/diffdrive_arduino/local_setup.bash
[27.169s] -- Up-to-date symlink: /home/rock-e/motor_control/install/diffdrive_arduino/share/diffdrive_arduino/local_setup.sh
[27.171s] -- Up-to-date symlink: /home/rock-e/motor_control/install/diffdrive_arduino/share/diffdrive_arduino/local_setup.zsh
[27.173s] -- Up-to-date symlink: /home/rock-e/motor_control/install/diffdrive_arduino/share/diffdrive_arduino/local_setup.dsv
[27.174s] -- Symlinking: /home/rock-e/motor_control/install/diffdrive_arduino/share/diffdrive_arduino/package.dsv
[27.215s] -- Up-to-date symlink: /home/rock-e/motor_control/install/diffdrive_arduino/share/ament_index/resource_index/packages/diffdrive_arduino
[27.217s] -- Up-to-date symlink: /home/rock-e/motor_control/install/diffdrive_arduino/share/ament_index/resource_index/hardware_interface__pluginlib__plugin/diffdrive_arduino
[27.220s] -- Up-to-date symlink: /home/rock-e/motor_control/install/diffdrive_arduino/share/diffdrive_arduino/cmake/ament_cmake_export_targets-extras.cmake
[27.222s] -- Up-to-date symlink: /home/rock-e/motor_control/install/diffdrive_arduino/share/diffdrive_arduino/cmake/ament_cmake_export_dependencies-extras.cmake
[27.224s] -- Up-to-date symlink: /home/rock-e/motor_control/install/diffdrive_arduino/share/diffdrive_arduino/cmake/diffdrive_arduinoConfig.cmake
[27.225s] -- Up-to-date symlink: /home/rock-e/motor_control/install/diffdrive_arduino/share/diffdrive_arduino/cmake/diffdrive_arduinoConfig-version.cmake
[27.227s] -- Up-to-date symlink: /home/rock-e/motor_control/install/diffdrive_arduino/share/diffdrive_arduino/package.xml
[27.232s] -- Installing: /home/rock-e/motor_control/install/diffdrive_arduino/lib/libdiffdrive_arduino.so
[27.242s] -- Set runtime path of "/home/rock-e/motor_control/install/diffdrive_arduino/lib/libdiffdrive_arduino.so" to ""
[27.244s] -- Up-to-date: /home/rock-e/motor_control/install/diffdrive_arduino/share/diffdrive_arduino/cmake/export_diffdrive_arduinoExport.cmake
[27.245s] -- Up-to-date: /home/rock-e/motor_control/install/diffdrive_arduino/share/diffdrive_arduino/cmake/export_diffdrive_arduinoExport-noconfig.cmake
[27.253s] Invoked command in '/home/rock-e/motor_control/build/diffdrive_arduino' returned '0': CMAKE_PREFIX_PATH=${CMAKE_PREFIX_PATH}:/opt/ros/humble /usr/bin/cmake --install /home/rock-e/motor_control/build/diffdrive_arduino
