[0.502s] DEBUG:colcon:Command line arguments: ['/usr/bin/colcon', 'build', '--symlink-install']
[0.503s] DEBUG:colcon:Parsed command line arguments: Namespace(log_base=None, log_level=None, verb_name='build', build_base='build', install_base='install', merge_install=False, symlink_install=True, test_result_base=None, continue_on_error=False, executor='parallel', parallel_workers=4, event_handlers=None, ignore_user_meta=False, metas=['./colcon.meta'], base_paths=['.'], packages_ignore=None, packages_ignore_regex=None, paths=None, packages_up_to=None, packages_up_to_regex=None, packages_above=None, packages_above_and_dependencies=None, packages_above_depth=None, packages_select_by_dep=None, packages_skip_by_dep=None, packages_skip_up_to=None, packages_select_build_failed=False, packages_skip_build_finished=False, packages_select_test_failures=False, packages_skip_test_passed=False, packages_select=None, packages_skip=None, packages_select_regex=None, packages_skip_regex=None, packages_start=None, packages_end=None, allow_overriding=[], cmake_args=None, cmake_target=None, cmake_target_skip_unavailable=False, cmake_clean_cache=False, cmake_clean_first=False, cmake_force_configure=False, ament_cmake_args=None, catkin_cmake_args=None, catkin_skip_building_tests=False, verb_parser=<colcon_defaults.argument_parser.defaults.DefaultArgumentsDecorator object at 0xffffa1700c40>, verb_extension=<colcon_core.verb.build.BuildVerb object at 0xffffa1821840>, main=<bound method BuildVerb.main of <colcon_core.verb.build.BuildVerb object at 0xffffa1821840>>)
[1.429s] Level 1:colcon.colcon_core.package_discovery:discover_packages(colcon_meta) check parameters
[1.430s] Level 1:colcon.colcon_core.package_discovery:discover_packages(recursive) check parameters
[1.430s] Level 1:colcon.colcon_core.package_discovery:discover_packages(ignore) check parameters
[1.430s] Level 1:colcon.colcon_core.package_discovery:discover_packages(path) check parameters
[1.430s] Level 1:colcon.colcon_core.package_discovery:discover_packages(colcon_meta) discover
[1.431s] Level 1:colcon.colcon_core.package_discovery:discover_packages(recursive) discover
[1.431s] INFO:colcon.colcon_core.package_discovery:Crawling recursively for packages in '/home/rock-e/motor_control'
[1.431s] Level 1:colcon.colcon_core.package_identification:_identify(.) by extensions ['ignore', 'ignore_ament_install']
[1.432s] Level 1:colcon.colcon_core.package_identification:_identify(.) by extension 'ignore'
[1.432s] Level 1:colcon.colcon_core.package_identification:_identify(.) by extension 'ignore_ament_install'
[1.432s] Level 1:colcon.colcon_core.package_identification:_identify(.) by extensions ['colcon_pkg']
[1.432s] Level 1:colcon.colcon_core.package_identification:_identify(.) by extension 'colcon_pkg'
[1.432s] Level 1:colcon.colcon_core.package_identification:_identify(.) by extensions ['colcon_meta']
[1.433s] Level 1:colcon.colcon_core.package_identification:_identify(.) by extension 'colcon_meta'
[1.433s] Level 1:colcon.colcon_core.package_identification:_identify(.) by extensions ['ros']
[1.433s] Level 1:colcon.colcon_core.package_identification:_identify(.) by extension 'ros'
[1.486s] Level 1:colcon.colcon_core.package_identification:_identify(.) by extensions ['cmake', 'python']
[1.486s] Level 1:colcon.colcon_core.package_identification:_identify(.) by extension 'cmake'
[1.486s] Level 1:colcon.colcon_core.package_identification:_identify(.) by extension 'python'
[1.486s] Level 1:colcon.colcon_core.package_identification:_identify(.) by extensions ['python_setup_py']
[1.486s] Level 1:colcon.colcon_core.package_identification:_identify(.) by extension 'python_setup_py'
[1.487s] Level 1:colcon.colcon_core.package_identification:_identify(build) by extensions ['ignore', 'ignore_ament_install']
[1.488s] Level 1:colcon.colcon_core.package_identification:_identify(build) by extension 'ignore'
[1.488s] Level 1:colcon.colcon_core.package_identification:_identify(build) ignored
[1.489s] Level 1:colcon.colcon_core.package_identification:_identify(install) by extensions ['ignore', 'ignore_ament_install']
[1.490s] Level 1:colcon.colcon_core.package_identification:_identify(install) by extension 'ignore'
[1.490s] Level 1:colcon.colcon_core.package_identification:_identify(install) ignored
[1.490s] Level 1:colcon.colcon_core.package_identification:_identify(log) by extensions ['ignore', 'ignore_ament_install']
[1.491s] Level 1:colcon.colcon_core.package_identification:_identify(log) by extension 'ignore'
[1.491s] Level 1:colcon.colcon_core.package_identification:_identify(log) ignored
[1.491s] Level 1:colcon.colcon_core.package_identification:_identify(src) by extensions ['ignore', 'ignore_ament_install']
[1.492s] Level 1:colcon.colcon_core.package_identification:_identify(src) by extension 'ignore'
[1.492s] Level 1:colcon.colcon_core.package_identification:_identify(src) by extension 'ignore_ament_install'
[1.492s] Level 1:colcon.colcon_core.package_identification:_identify(src) by extensions ['colcon_pkg']
[1.492s] Level 1:colcon.colcon_core.package_identification:_identify(src) by extension 'colcon_pkg'
[1.492s] Level 1:colcon.colcon_core.package_identification:_identify(src) by extensions ['colcon_meta']
[1.493s] Level 1:colcon.colcon_core.package_identification:_identify(src) by extension 'colcon_meta'
[1.493s] Level 1:colcon.colcon_core.package_identification:_identify(src) by extensions ['ros']
[1.493s] Level 1:colcon.colcon_core.package_identification:_identify(src) by extension 'ros'
[1.493s] Level 1:colcon.colcon_core.package_identification:_identify(src) by extensions ['cmake', 'python']
[1.493s] Level 1:colcon.colcon_core.package_identification:_identify(src) by extension 'cmake'
[1.494s] Level 1:colcon.colcon_core.package_identification:_identify(src) by extension 'python'
[1.494s] Level 1:colcon.colcon_core.package_identification:_identify(src) by extensions ['python_setup_py']
[1.494s] Level 1:colcon.colcon_core.package_identification:_identify(src) by extension 'python_setup_py'
[1.495s] Level 1:colcon.colcon_core.package_identification:_identify(src/diffdrive_arduino) by extensions ['ignore', 'ignore_ament_install']
[1.495s] Level 1:colcon.colcon_core.package_identification:_identify(src/diffdrive_arduino) by extension 'ignore'
[1.496s] Level 1:colcon.colcon_core.package_identification:_identify(src/diffdrive_arduino) by extension 'ignore_ament_install'
[1.496s] Level 1:colcon.colcon_core.package_identification:_identify(src/diffdrive_arduino) by extensions ['colcon_pkg']
[1.496s] Level 1:colcon.colcon_core.package_identification:_identify(src/diffdrive_arduino) by extension 'colcon_pkg'
[1.497s] Level 1:colcon.colcon_core.package_identification:_identify(src/diffdrive_arduino) by extensions ['colcon_meta']
[1.497s] Level 1:colcon.colcon_core.package_identification:_identify(src/diffdrive_arduino) by extension 'colcon_meta'
[1.497s] Level 1:colcon.colcon_core.package_identification:_identify(src/diffdrive_arduino) by extensions ['ros']
[1.497s] Level 1:colcon.colcon_core.package_identification:_identify(src/diffdrive_arduino) by extension 'ros'
[1.509s] DEBUG:colcon.colcon_core.package_identification:Package 'src/diffdrive_arduino' with type 'ros.ament_cmake' and name 'diffdrive_arduino'
[1.510s] Level 1:colcon.colcon_core.package_discovery:discover_packages(recursive) using defaults
[1.510s] Level 1:colcon.colcon_core.package_discovery:discover_packages(ignore) discover
[1.510s] Level 1:colcon.colcon_core.package_discovery:discover_packages(ignore) using defaults
[1.510s] Level 1:colcon.colcon_core.package_discovery:discover_packages(path) discover
[1.510s] Level 1:colcon.colcon_core.package_discovery:discover_packages(path) using defaults
[1.599s] Level 1:colcon.colcon_core.package_discovery:discover_packages(prefix_path) check parameters
[1.600s] Level 1:colcon.colcon_core.package_discovery:discover_packages(prefix_path) discover
[1.658s] DEBUG:colcon.colcon_installed_package_information.package_discovery:Found 371 installed packages in /opt/ros/humble
[1.667s] Level 1:colcon.colcon_core.package_discovery:discover_packages(prefix_path) using defaults
[1.907s] Level 5:colcon.colcon_core.verb:set package 'diffdrive_arduino' build argument 'cmake_args' from command line to 'None'
[1.907s] Level 5:colcon.colcon_core.verb:set package 'diffdrive_arduino' build argument 'cmake_target' from command line to 'None'
[1.907s] Level 5:colcon.colcon_core.verb:set package 'diffdrive_arduino' build argument 'cmake_target_skip_unavailable' from command line to 'False'
[1.908s] Level 5:colcon.colcon_core.verb:set package 'diffdrive_arduino' build argument 'cmake_clean_cache' from command line to 'False'
[1.908s] Level 5:colcon.colcon_core.verb:set package 'diffdrive_arduino' build argument 'cmake_clean_first' from command line to 'False'
[1.908s] Level 5:colcon.colcon_core.verb:set package 'diffdrive_arduino' build argument 'cmake_force_configure' from command line to 'False'
[1.908s] Level 5:colcon.colcon_core.verb:set package 'diffdrive_arduino' build argument 'ament_cmake_args' from command line to 'None'
[1.908s] Level 5:colcon.colcon_core.verb:set package 'diffdrive_arduino' build argument 'catkin_cmake_args' from command line to 'None'
[1.908s] Level 5:colcon.colcon_core.verb:set package 'diffdrive_arduino' build argument 'catkin_skip_building_tests' from command line to 'False'
[1.908s] DEBUG:colcon.colcon_core.verb:Building package 'diffdrive_arduino' with the following arguments: {'ament_cmake_args': None, 'build_base': '/home/rock-e/motor_control/build/diffdrive_arduino', 'catkin_cmake_args': None, 'catkin_skip_building_tests': False, 'cmake_args': None, 'cmake_clean_cache': False, 'cmake_clean_first': False, 'cmake_force_configure': False, 'cmake_target': None, 'cmake_target_skip_unavailable': False, 'install_base': '/home/rock-e/motor_control/install/diffdrive_arduino', 'merge_install': False, 'path': '/home/rock-e/motor_control/src/diffdrive_arduino', 'symlink_install': True, 'test_result_base': None}
[1.909s] INFO:colcon.colcon_core.executor:Executing jobs using 'parallel' executor
[1.912s] DEBUG:colcon.colcon_parallel_executor.executor.parallel:run_until_complete
[1.913s] INFO:colcon.colcon_ros.task.ament_cmake.build:Building ROS package in '/home/rock-e/motor_control/src/diffdrive_arduino' with build type 'ament_cmake'
[1.914s] INFO:colcon.colcon_cmake.task.cmake.build:Building CMake package in '/home/rock-e/motor_control/src/diffdrive_arduino'
[1.924s] INFO:colcon.colcon_core.plugin_system:Skipping extension 'colcon_core.shell.bat': Not used on non-Windows systems
[1.925s] INFO:colcon.colcon_core.shell:Skip shell extension 'powershell' for command environment: Not usable outside of PowerShell
[1.925s] DEBUG:colcon.colcon_core.shell:Skip shell extension 'dsv' for command environment
[1.983s] DEBUG:colcon.colcon_core.event_handler.log_command:Invoking command in '/home/rock-e/motor_control/build/diffdrive_arduino': CMAKE_PREFIX_PATH=/opt/ros/humble /usr/bin/cmake --build /home/rock-e/motor_control/build/diffdrive_arduino -- -j4 -l4
[20.269s] DEBUG:colcon.colcon_core.event_handler.log_command:Invoked command in '/home/rock-e/motor_control/build/diffdrive_arduino' returned '0': CMAKE_PREFIX_PATH=/opt/ros/humble /usr/bin/cmake --build /home/rock-e/motor_control/build/diffdrive_arduino -- -j4 -l4
[20.466s] DEBUG:colcon.colcon_core.event_handler.log_command:Invoking command in '/home/rock-e/motor_control/build/diffdrive_arduino': CMAKE_PREFIX_PATH=/opt/ros/humble /usr/bin/cmake --install /home/rock-e/motor_control/build/diffdrive_arduino
[20.601s] Level 1:colcon.colcon_core.environment:create_environment_scripts_only(diffdrive_arduino)
[20.603s] DEBUG:colcon.colcon_core.event_handler.log_command:Invoked command in '/home/rock-e/motor_control/build/diffdrive_arduino' returned '0': CMAKE_PREFIX_PATH=/opt/ros/humble /usr/bin/cmake --install /home/rock-e/motor_control/build/diffdrive_arduino
[20.616s] Level 1:colcon.colcon_core.environment:checking '/home/rock-e/motor_control/install/diffdrive_arduino' for CMake module files
[20.621s] Level 1:colcon.colcon_core.environment:checking '/home/rock-e/motor_control/install/diffdrive_arduino' for CMake config files
[20.624s] Level 1:colcon.colcon_core.shell:create_environment_hook('diffdrive_arduino', 'cmake_prefix_path')
[20.625s] INFO:colcon.colcon_core.shell:Creating environment hook '/home/rock-e/motor_control/install/diffdrive_arduino/share/diffdrive_arduino/hook/cmake_prefix_path.ps1'
[20.627s] INFO:colcon.colcon_core.shell:Creating environment descriptor '/home/rock-e/motor_control/install/diffdrive_arduino/share/diffdrive_arduino/hook/cmake_prefix_path.dsv'
[20.630s] INFO:colcon.colcon_core.shell:Creating environment hook '/home/rock-e/motor_control/install/diffdrive_arduino/share/diffdrive_arduino/hook/cmake_prefix_path.sh'
[20.634s] Level 1:colcon.colcon_core.environment:checking '/home/rock-e/motor_control/install/diffdrive_arduino/lib'
[20.635s] Level 1:colcon.colcon_core.shell:create_environment_hook('diffdrive_arduino', 'ld_library_path_lib')
[20.636s] INFO:colcon.colcon_core.shell:Creating environment hook '/home/rock-e/motor_control/install/diffdrive_arduino/share/diffdrive_arduino/hook/ld_library_path_lib.ps1'
[20.638s] INFO:colcon.colcon_core.shell:Creating environment descriptor '/home/rock-e/motor_control/install/diffdrive_arduino/share/diffdrive_arduino/hook/ld_library_path_lib.dsv'
[20.640s] INFO:colcon.colcon_core.shell:Creating environment hook '/home/rock-e/motor_control/install/diffdrive_arduino/share/diffdrive_arduino/hook/ld_library_path_lib.sh'
[20.642s] Level 1:colcon.colcon_core.environment:checking '/home/rock-e/motor_control/install/diffdrive_arduino/bin'
[20.643s] Level 1:colcon.colcon_core.environment:checking '/home/rock-e/motor_control/install/diffdrive_arduino/lib/pkgconfig/diffdrive_arduino.pc'
[20.644s] Level 1:colcon.colcon_core.environment:checking '/home/rock-e/motor_control/install/diffdrive_arduino/lib/python3.10/site-packages'
[20.645s] Level 1:colcon.colcon_core.environment:checking '/home/rock-e/motor_control/install/diffdrive_arduino/bin'
[20.646s] INFO:colcon.colcon_core.shell:Creating package script '/home/rock-e/motor_control/install/diffdrive_arduino/share/diffdrive_arduino/package.ps1'
[20.650s] INFO:colcon.colcon_core.shell:Creating package descriptor '/home/rock-e/motor_control/install/diffdrive_arduino/share/diffdrive_arduino/package.dsv'
[20.653s] INFO:colcon.colcon_core.shell:Creating package script '/home/rock-e/motor_control/install/diffdrive_arduino/share/diffdrive_arduino/package.sh'
[20.657s] INFO:colcon.colcon_core.shell:Creating package script '/home/rock-e/motor_control/install/diffdrive_arduino/share/diffdrive_arduino/package.bash'
[20.660s] INFO:colcon.colcon_core.shell:Creating package script '/home/rock-e/motor_control/install/diffdrive_arduino/share/diffdrive_arduino/package.zsh'
[20.663s] Level 1:colcon.colcon_core.environment:create_file_with_runtime_dependencies(/home/rock-e/motor_control/install/diffdrive_arduino/share/colcon-core/packages/diffdrive_arduino)
[20.812s] Level 1:colcon.colcon_core.environment:create_environment_scripts_only(diffdrive_arduino)
[20.813s] Level 1:colcon.colcon_core.environment:checking '/home/rock-e/motor_control/install/diffdrive_arduino' for CMake module files
[20.817s] Level 1:colcon.colcon_core.environment:checking '/home/rock-e/motor_control/install/diffdrive_arduino' for CMake config files
[20.820s] Level 1:colcon.colcon_core.shell:create_environment_hook('diffdrive_arduino', 'cmake_prefix_path')
[20.821s] INFO:colcon.colcon_core.shell:Creating environment hook '/home/rock-e/motor_control/install/diffdrive_arduino/share/diffdrive_arduino/hook/cmake_prefix_path.ps1'
[20.823s] INFO:colcon.colcon_core.shell:Creating environment descriptor '/home/rock-e/motor_control/install/diffdrive_arduino/share/diffdrive_arduino/hook/cmake_prefix_path.dsv'
[20.825s] INFO:colcon.colcon_core.shell:Creating environment hook '/home/rock-e/motor_control/install/diffdrive_arduino/share/diffdrive_arduino/hook/cmake_prefix_path.sh'
[20.828s] Level 1:colcon.colcon_core.environment:checking '/home/rock-e/motor_control/install/diffdrive_arduino/lib'
[20.829s] Level 1:colcon.colcon_core.shell:create_environment_hook('diffdrive_arduino', 'ld_library_path_lib')
[20.830s] INFO:colcon.colcon_core.shell:Creating environment hook '/home/rock-e/motor_control/install/diffdrive_arduino/share/diffdrive_arduino/hook/ld_library_path_lib.ps1'
[20.832s] INFO:colcon.colcon_core.shell:Creating environment descriptor '/home/rock-e/motor_control/install/diffdrive_arduino/share/diffdrive_arduino/hook/ld_library_path_lib.dsv'
[20.834s] INFO:colcon.colcon_core.shell:Creating environment hook '/home/rock-e/motor_control/install/diffdrive_arduino/share/diffdrive_arduino/hook/ld_library_path_lib.sh'
[20.836s] Level 1:colcon.colcon_core.environment:checking '/home/rock-e/motor_control/install/diffdrive_arduino/bin'
[20.837s] Level 1:colcon.colcon_core.environment:checking '/home/rock-e/motor_control/install/diffdrive_arduino/lib/pkgconfig/diffdrive_arduino.pc'
[20.838s] Level 1:colcon.colcon_core.environment:checking '/home/rock-e/motor_control/install/diffdrive_arduino/lib/python3.10/site-packages'
[20.838s] Level 1:colcon.colcon_core.environment:checking '/home/rock-e/motor_control/install/diffdrive_arduino/bin'
[20.840s] INFO:colcon.colcon_core.shell:Creating package script '/home/rock-e/motor_control/install/diffdrive_arduino/share/diffdrive_arduino/package.ps1'
[20.843s] INFO:colcon.colcon_core.shell:Creating package descriptor '/home/rock-e/motor_control/install/diffdrive_arduino/share/diffdrive_arduino/package.dsv'
[20.845s] INFO:colcon.colcon_core.shell:Creating package script '/home/rock-e/motor_control/install/diffdrive_arduino/share/diffdrive_arduino/package.sh'
[20.848s] INFO:colcon.colcon_core.shell:Creating package script '/home/rock-e/motor_control/install/diffdrive_arduino/share/diffdrive_arduino/package.bash'
[20.850s] INFO:colcon.colcon_core.shell:Creating package script '/home/rock-e/motor_control/install/diffdrive_arduino/share/diffdrive_arduino/package.zsh'
[20.853s] Level 1:colcon.colcon_core.environment:create_file_with_runtime_dependencies(/home/rock-e/motor_control/install/diffdrive_arduino/share/colcon-core/packages/diffdrive_arduino)
[20.854s] DEBUG:colcon.colcon_parallel_executor.executor.parallel:closing loop
[20.855s] DEBUG:colcon.colcon_parallel_executor.executor.parallel:loop closed
[20.856s] DEBUG:colcon.colcon_parallel_executor.executor.parallel:run_until_complete finished with '0'
[20.856s] DEBUG:colcon.colcon_core.event_reactor:joining thread
[20.884s] INFO:colcon.colcon_core.plugin_system:Skipping extension 'colcon_notification.desktop_notification.terminal_notifier': Not used on non-Darwin systems
[20.884s] INFO:colcon.colcon_core.plugin_system:Skipping extension 'colcon_notification.desktop_notification.win32': Not used on non-Windows systems
[20.885s] INFO:colcon.colcon_notification.desktop_notification:Sending desktop notification using 'notify2'
[20.946s] DEBUG:colcon.colcon_core.event_reactor:joined thread
[20.947s] INFO:colcon.colcon_core.shell:Creating prefix script '/home/rock-e/motor_control/install/local_setup.ps1'
[20.952s] INFO:colcon.colcon_core.shell:Creating prefix util module '/home/rock-e/motor_control/install/_local_setup_util_ps1.py'
[20.959s] INFO:colcon.colcon_core.shell:Creating prefix chain script '/home/rock-e/motor_control/install/setup.ps1'
[20.965s] INFO:colcon.colcon_core.shell:Creating prefix script '/home/rock-e/motor_control/install/local_setup.sh'
[20.969s] INFO:colcon.colcon_core.shell:Creating prefix util module '/home/rock-e/motor_control/install/_local_setup_util_sh.py'
[20.971s] INFO:colcon.colcon_core.shell:Creating prefix chain script '/home/rock-e/motor_control/install/setup.sh'
[20.977s] INFO:colcon.colcon_core.shell:Creating prefix script '/home/rock-e/motor_control/install/local_setup.bash'
[20.981s] INFO:colcon.colcon_core.shell:Creating prefix chain script '/home/rock-e/motor_control/install/setup.bash'
[20.987s] INFO:colcon.colcon_core.shell:Creating prefix script '/home/rock-e/motor_control/install/local_setup.zsh'
[20.991s] INFO:colcon.colcon_core.shell:Creating prefix chain script '/home/rock-e/motor_control/install/setup.zsh'
