[0.099s] Invoking command in '/home/rock-e/motor_control/build/diffdrive_arduino': CMAKE_PREFIX_PATH=${CMAKE_PREFIX_PATH}:/opt/ros/humble /usr/bin/cmake /home/rock-e/motor_control/src/diffdrive_arduino -DAMENT_CMAKE_SYMLINK_INSTALL=1 -DCMAKE_INSTALL_PREFIX=/home/rock-e/motor_control/install/diffdrive_arduino
[0.948s] -- Found ament_cmake: 1.3.10 (/opt/ros/humble/share/ament_cmake/cmake)
[1.698s] -- Override CMake install command with custom implementation using symlinks instead of copying resources
[1.793s] -- Found hardware_interface: 2.43.1 (/opt/ros/humble/share/hardware_interface/cmake)
[2.086s] -- Found rosidl_generator_c: 3.1.5 (/opt/ros/humble/share/rosidl_generator_c/cmake)
[2.105s] -- Found rosidl_adapter: 3.1.5 (/opt/ros/humble/share/rosidl_adapter/cmake)
[2.148s] -- Found rosidl_generator_cpp: 3.1.5 (/opt/ros/humble/share/rosidl_generator_cpp/cmake)
[2.223s] -- Using all available rosidl_typesupport_c: rosidl_typesupport_fastrtps_c;rosidl_typesupport_introspection_c
[2.311s] -- Using all available rosidl_typesupport_cpp: rosidl_typesupport_fastrtps_cpp;rosidl_typesupport_introspection_cpp
[3.718s] -- Found rmw_implementation_cmake: 6.1.2 (/opt/ros/humble/share/rmw_implementation_cmake/cmake)
[3.733s] -- Found rmw_fastrtps_cpp: 6.2.7 (/opt/ros/humble/share/rmw_fastrtps_cpp/cmake)
[3.891s] -- Found TinyXML2 via Config file: TinyXML2_DIR-NOTFOUND
[3.992s] -- Found TinyXML2 via Config file: TinyXML2_DIR-NOTFOUND
[4.107s] -- Found TinyXML2 via Config file: TinyXML2_DIR-NOTFOUND
[4.150s] -- Found TinyXML2 via Config file: TinyXML2_DIR-NOTFOUND
[4.197s] -- Using RMW implementation 'rmw_fastrtps_cpp' as default
[4.579s] -- Found ament_cmake_gtest: 1.3.10 (/opt/ros/humble/share/ament_cmake_gtest/cmake)
[5.034s] -- Configuring done
[5.435s] -- Generating done
[5.449s] -- Build files have been written to: /home/rock-e/motor_control/build/diffdrive_arduino
[5.498s] Invoked command in '/home/rock-e/motor_control/build/diffdrive_arduino' returned '0': CMAKE_PREFIX_PATH=${CMAKE_PREFIX_PATH}:/opt/ros/humble /usr/bin/cmake /home/rock-e/motor_control/src/diffdrive_arduino -DAMENT_CMAKE_SYMLINK_INSTALL=1 -DCMAKE_INSTALL_PREFIX=/home/rock-e/motor_control/install/diffdrive_arduino
[5.524s] Invoking command in '/home/rock-e/motor_control/build/diffdrive_arduino': CMAKE_PREFIX_PATH=${CMAKE_PREFIX_PATH}:/opt/ros/humble /usr/bin/cmake --build /home/rock-e/motor_control/build/diffdrive_arduino -- -j4 -l4
[5.775s] [35m[1mConsolidate compiler generated dependencies of target diffdrive_arduino[0m
[6.019s] [100%] Built target diffdrive_arduino
[6.071s] Invoked command in '/home/rock-e/motor_control/build/diffdrive_arduino' returned '0': CMAKE_PREFIX_PATH=${CMAKE_PREFIX_PATH}:/opt/ros/humble /usr/bin/cmake --build /home/rock-e/motor_control/build/diffdrive_arduino -- -j4 -l4
[6.310s] Invoking command in '/home/rock-e/motor_control/build/diffdrive_arduino': CMAKE_PREFIX_PATH=${CMAKE_PREFIX_PATH}:/opt/ros/humble /usr/bin/cmake --install /home/rock-e/motor_control/build/diffdrive_arduino
[6.345s] -- Install configuration: ""
[6.347s] -- Execute custom install script
[6.353s] -- Up-to-date symlink: /home/rock-e/motor_control/install/diffdrive_arduino/share/diffdrive_arduino//diffdrive_arduino.xml
[6.362s] -- Up-to-date symlink: /home/rock-e/motor_control/install/diffdrive_arduino/include/diffdrive_arduino/diffdrive_arduino/arduino_comms.hpp
[6.365s] -- Up-to-date symlink: /home/rock-e/motor_control/install/diffdrive_arduino/include/diffdrive_arduino/diffdrive_arduino/diffbot_system.hpp
[6.368s] -- Up-to-date symlink: /home/rock-e/motor_control/install/diffdrive_arduino/include/diffdrive_arduino/diffdrive_arduino/visibility_control.h
[6.371s] -- Up-to-date symlink: /home/rock-e/motor_control/install/diffdrive_arduino/include/diffdrive_arduino/diffdrive_arduino/wheel.hpp
[6.375s] -- Up-to-date symlink: /home/rock-e/motor_control/install/diffdrive_arduino/share/diffdrive_arduino/launch/view_robot.launch.py
[6.381s] -- Up-to-date symlink: /home/rock-e/motor_control/install/diffdrive_arduino/share/diffdrive_arduino/ros2_control/diffbot.ros2_control.xacro
[6.388s] -- Up-to-date symlink: /home/rock-e/motor_control/install/diffdrive_arduino/share/diffdrive_arduino/urdf/diffbot.materials.xacro
[6.389s] -- Up-to-date symlink: /home/rock-e/motor_control/install/diffdrive_arduino/share/diffdrive_arduino/urdf/diffbot.urdf.xacro
[6.392s] -- Up-to-date symlink: /home/rock-e/motor_control/install/diffdrive_arduino/share/diffdrive_arduino/urdf/diffbot_description.urdf.xacro
[6.397s] -- Up-to-date symlink: /home/rock-e/motor_control/install/diffdrive_arduino/share/diffdrive_arduino/rviz/diffbot.rviz
[6.399s] -- Up-to-date symlink: /home/rock-e/motor_control/install/diffdrive_arduino/share/diffdrive_arduino/rviz/diffbot_view.rviz
[6.403s] -- Up-to-date symlink: /home/rock-e/motor_control/install/diffdrive_arduino/share/diffdrive_arduino/launch/diffbot.launch.py
[6.407s] -- Up-to-date symlink: /home/rock-e/motor_control/install/diffdrive_arduino/share/diffdrive_arduino/config/diffbot_controllers.yaml
[6.409s] -- Up-to-date symlink: /home/rock-e/motor_control/install/diffdrive_arduino/share/diffdrive_arduino/environment/library_path.sh
[6.411s] -- Up-to-date symlink: /home/rock-e/motor_control/install/diffdrive_arduino/share/diffdrive_arduino/environment/library_path.dsv
[6.414s] -- Up-to-date symlink: /home/rock-e/motor_control/install/diffdrive_arduino/share/ament_index/resource_index/package_run_dependencies/diffdrive_arduino
[6.417s] -- Up-to-date symlink: /home/rock-e/motor_control/install/diffdrive_arduino/share/ament_index/resource_index/parent_prefix_path/diffdrive_arduino
[6.420s] -- Up-to-date symlink: /home/rock-e/motor_control/install/diffdrive_arduino/share/diffdrive_arduino/environment/ament_prefix_path.sh
[6.422s] -- Up-to-date symlink: /home/rock-e/motor_control/install/diffdrive_arduino/share/diffdrive_arduino/environment/ament_prefix_path.dsv
[6.424s] -- Up-to-date symlink: /home/rock-e/motor_control/install/diffdrive_arduino/share/diffdrive_arduino/environment/path.sh
[6.426s] -- Up-to-date symlink: /home/rock-e/motor_control/install/diffdrive_arduino/share/diffdrive_arduino/environment/path.dsv
[6.427s] -- Up-to-date symlink: /home/rock-e/motor_control/install/diffdrive_arduino/share/diffdrive_arduino/local_setup.bash
[6.429s] -- Up-to-date symlink: /home/rock-e/motor_control/install/diffdrive_arduino/share/diffdrive_arduino/local_setup.sh
[6.431s] -- Up-to-date symlink: /home/rock-e/motor_control/install/diffdrive_arduino/share/diffdrive_arduino/local_setup.zsh
[6.434s] -- Up-to-date symlink: /home/rock-e/motor_control/install/diffdrive_arduino/share/diffdrive_arduino/local_setup.dsv
[6.435s] -- Symlinking: /home/rock-e/motor_control/install/diffdrive_arduino/share/diffdrive_arduino/package.dsv
[6.481s] -- Up-to-date symlink: /home/rock-e/motor_control/install/diffdrive_arduino/share/ament_index/resource_index/packages/diffdrive_arduino
[6.486s] -- Up-to-date symlink: /home/rock-e/motor_control/install/diffdrive_arduino/share/ament_index/resource_index/hardware_interface__pluginlib__plugin/diffdrive_arduino
[6.490s] -- Up-to-date symlink: /home/rock-e/motor_control/install/diffdrive_arduino/share/diffdrive_arduino/cmake/ament_cmake_export_targets-extras.cmake
[6.494s] -- Up-to-date symlink: /home/rock-e/motor_control/install/diffdrive_arduino/share/diffdrive_arduino/cmake/ament_cmake_export_dependencies-extras.cmake
[6.497s] -- Up-to-date symlink: /home/rock-e/motor_control/install/diffdrive_arduino/share/diffdrive_arduino/cmake/diffdrive_arduinoConfig.cmake
[6.500s] -- Up-to-date symlink: /home/rock-e/motor_control/install/diffdrive_arduino/share/diffdrive_arduino/cmake/diffdrive_arduinoConfig-version.cmake
[6.503s] -- Up-to-date symlink: /home/rock-e/motor_control/install/diffdrive_arduino/share/diffdrive_arduino/package.xml
[6.508s] -- Up-to-date: /home/rock-e/motor_control/install/diffdrive_arduino/lib/libdiffdrive_arduino.so
[6.512s] -- Up-to-date: /home/rock-e/motor_control/install/diffdrive_arduino/share/diffdrive_arduino/cmake/export_diffdrive_arduinoExport.cmake
[6.513s] -- Up-to-date: /home/rock-e/motor_control/install/diffdrive_arduino/share/diffdrive_arduino/cmake/export_diffdrive_arduinoExport-noconfig.cmake
[6.524s] Invoked command in '/home/rock-e/motor_control/build/diffdrive_arduino' returned '0': CMAKE_PREFIX_PATH=${CMAKE_PREFIX_PATH}:/opt/ros/humble /usr/bin/cmake --install /home/rock-e/motor_control/build/diffdrive_arduino
