[0.067s] Invoking command in '/home/rock-e/motor_control/build/diffdrive_arduino': CMAKE_PREFIX_PATH=/opt/ros/humble /usr/bin/cmake --build /home/rock-e/motor_control/build/diffdrive_arduino -- -j4 -l4
[0.281s] [35m[1mConsolidate compiler generated dependencies of target diffdrive_arduino[0m
[0.389s] [ 50%] [32mBuilding CXX object CMakeFiles/diffdrive_arduino.dir/hardware/diffbot_system.cpp.o[0m
[12.435s] [01m[K/home/rock-e/motor_control/src/diffdrive_arduino/hardware/diffbot_system.cpp:[m[K In member function ‘[01m[Kvirtual hardware_interface::return_type diffdrive_arduino::DiffDriveArduinoHardware::read(const rclcpp::Time&, const rclcpp::Duration&)[m[K’:
[12.436s] [01m[K/home/rock-e/motor_control/src/diffdrive_arduino/hardware/diffbot_system.cpp:185:59:[m[K [01;35m[Kwarning: [m[Kunused parameter ‘[01m[Kperiod[m[K’ [[01;35m[K]8;;https://gcc.gnu.org/onlinedocs/gcc/Warning-Options.html#index-Wunused-parameter-Wunused-parameter]8;;[m[K]
[12.437s]   185 |   const rclcpp::Time & /*time*/, [01;35m[Kconst rclcpp::Duration & period[m[K)
[12.437s]       |                                  [01;35m[K~~~~~~~~~~~~~~~~~~~~~~~~~^~~~~~[m[K
[17.245s] [100%] [32m[1mLinking CXX shared library libdiffdrive_arduino.so[0m
[18.308s] [100%] Built target diffdrive_arduino
[18.353s] Invoked command in '/home/rock-e/motor_control/build/diffdrive_arduino' returned '0': CMAKE_PREFIX_PATH=/opt/ros/humble /usr/bin/cmake --build /home/rock-e/motor_control/build/diffdrive_arduino -- -j4 -l4
[18.548s] Invoking command in '/home/rock-e/motor_control/build/diffdrive_arduino': CMAKE_PREFIX_PATH=/opt/ros/humble /usr/bin/cmake --install /home/rock-e/motor_control/build/diffdrive_arduino
[18.581s] -- Install configuration: ""
[18.585s] -- Execute custom install script
[18.587s] -- Up-to-date symlink: /home/rock-e/motor_control/install/diffdrive_arduino/share/diffdrive_arduino//diffdrive_arduino.xml
[18.589s] -- Up-to-date symlink: /home/rock-e/motor_control/install/diffdrive_arduino/include/diffdrive_arduino/diffdrive_arduino/arduino_comms.hpp
[18.590s] -- Up-to-date symlink: /home/rock-e/motor_control/install/diffdrive_arduino/include/diffdrive_arduino/diffdrive_arduino/diffbot_system.hpp
[18.591s] -- Up-to-date symlink: /home/rock-e/motor_control/install/diffdrive_arduino/include/diffdrive_arduino/diffdrive_arduino/visibility_control.h
[18.592s] -- Up-to-date symlink: /home/rock-e/motor_control/install/diffdrive_arduino/include/diffdrive_arduino/diffdrive_arduino/wheel.hpp
[18.595s] -- Up-to-date symlink: /home/rock-e/motor_control/install/diffdrive_arduino/share/diffdrive_arduino/launch/view_robot.launch.py
[18.597s] -- Up-to-date symlink: /home/rock-e/motor_control/install/diffdrive_arduino/share/diffdrive_arduino/ros2_control/diffbot.ros2_control.xacro
[18.598s] -- Up-to-date symlink: /home/rock-e/motor_control/install/diffdrive_arduino/share/diffdrive_arduino/urdf/diffbot.materials.xacro
[18.599s] -- Up-to-date symlink: /home/rock-e/motor_control/install/diffdrive_arduino/share/diffdrive_arduino/urdf/diffbot.urdf.xacro
[18.600s] -- Up-to-date symlink: /home/rock-e/motor_control/install/diffdrive_arduino/share/diffdrive_arduino/urdf/diffbot_description.urdf.xacro
[18.602s] -- Up-to-date symlink: /home/rock-e/motor_control/install/diffdrive_arduino/share/diffdrive_arduino/rviz/diffbot.rviz
[18.603s] -- Up-to-date symlink: /home/rock-e/motor_control/install/diffdrive_arduino/share/diffdrive_arduino/rviz/diffbot_view.rviz
[18.605s] -- Up-to-date symlink: /home/rock-e/motor_control/install/diffdrive_arduino/share/diffdrive_arduino/launch/diffbot.launch.py
[18.606s] -- Up-to-date symlink: /home/rock-e/motor_control/install/diffdrive_arduino/share/diffdrive_arduino/config/diffbot_controllers.yaml
[18.607s] -- Up-to-date symlink: /home/rock-e/motor_control/install/diffdrive_arduino/share/diffdrive_arduino/environment/library_path.sh
[18.608s] -- Up-to-date symlink: /home/rock-e/motor_control/install/diffdrive_arduino/share/diffdrive_arduino/environment/library_path.dsv
[18.610s] -- Up-to-date symlink: /home/rock-e/motor_control/install/diffdrive_arduino/share/ament_index/resource_index/package_run_dependencies/diffdrive_arduino
[18.611s] -- Up-to-date symlink: /home/rock-e/motor_control/install/diffdrive_arduino/share/ament_index/resource_index/parent_prefix_path/diffdrive_arduino
[18.612s] -- Up-to-date symlink: /home/rock-e/motor_control/install/diffdrive_arduino/share/diffdrive_arduino/environment/ament_prefix_path.sh
[18.613s] -- Up-to-date symlink: /home/rock-e/motor_control/install/diffdrive_arduino/share/diffdrive_arduino/environment/ament_prefix_path.dsv
[18.614s] -- Up-to-date symlink: /home/rock-e/motor_control/install/diffdrive_arduino/share/diffdrive_arduino/environment/path.sh
[18.615s] -- Up-to-date symlink: /home/rock-e/motor_control/install/diffdrive_arduino/share/diffdrive_arduino/environment/path.dsv
[18.617s] -- Up-to-date symlink: /home/rock-e/motor_control/install/diffdrive_arduino/share/diffdrive_arduino/local_setup.bash
[18.618s] -- Up-to-date symlink: /home/rock-e/motor_control/install/diffdrive_arduino/share/diffdrive_arduino/local_setup.sh
[18.619s] -- Up-to-date symlink: /home/rock-e/motor_control/install/diffdrive_arduino/share/diffdrive_arduino/local_setup.zsh
[18.620s] -- Up-to-date symlink: /home/rock-e/motor_control/install/diffdrive_arduino/share/diffdrive_arduino/local_setup.dsv
[18.620s] -- Symlinking: /home/rock-e/motor_control/install/diffdrive_arduino/share/diffdrive_arduino/package.dsv
[18.658s] -- Up-to-date symlink: /home/rock-e/motor_control/install/diffdrive_arduino/share/ament_index/resource_index/packages/diffdrive_arduino
[18.659s] -- Up-to-date symlink: /home/rock-e/motor_control/install/diffdrive_arduino/share/ament_index/resource_index/hardware_interface__pluginlib__plugin/diffdrive_arduino
[18.660s] -- Up-to-date symlink: /home/rock-e/motor_control/install/diffdrive_arduino/share/diffdrive_arduino/cmake/ament_cmake_export_targets-extras.cmake
[18.661s] -- Up-to-date symlink: /home/rock-e/motor_control/install/diffdrive_arduino/share/diffdrive_arduino/cmake/ament_cmake_export_dependencies-extras.cmake
[18.663s] -- Up-to-date symlink: /home/rock-e/motor_control/install/diffdrive_arduino/share/diffdrive_arduino/cmake/diffdrive_arduinoConfig.cmake
[18.664s] -- Up-to-date symlink: /home/rock-e/motor_control/install/diffdrive_arduino/share/diffdrive_arduino/cmake/diffdrive_arduinoConfig-version.cmake
[18.665s] -- Up-to-date symlink: /home/rock-e/motor_control/install/diffdrive_arduino/share/diffdrive_arduino/package.xml
[18.667s] -- Installing: /home/rock-e/motor_control/install/diffdrive_arduino/lib/libdiffdrive_arduino.so
[18.677s] -- Set runtime path of "/home/rock-e/motor_control/install/diffdrive_arduino/lib/libdiffdrive_arduino.so" to ""
[18.678s] -- Up-to-date: /home/rock-e/motor_control/install/diffdrive_arduino/share/diffdrive_arduino/cmake/export_diffdrive_arduinoExport.cmake
[18.678s] -- Up-to-date: /home/rock-e/motor_control/install/diffdrive_arduino/share/diffdrive_arduino/cmake/export_diffdrive_arduinoExport-noconfig.cmake
[18.687s] Invoked command in '/home/rock-e/motor_control/build/diffdrive_arduino' returned '0': CMAKE_PREFIX_PATH=/opt/ros/humble /usr/bin/cmake --install /home/rock-e/motor_control/build/diffdrive_arduino
