[0.518s] DEBUG:colcon:Command line arguments: ['/usr/bin/colcon', 'build', '--symlink-install']
[0.519s] DEBUG:colcon:Parsed command line arguments: Namespace(log_base=None, log_level=None, verb_name='build', build_base='build', install_base='install', merge_install=False, symlink_install=True, test_result_base=None, continue_on_error=False, executor='parallel', parallel_workers=4, event_handlers=None, ignore_user_meta=False, metas=['./colcon.meta'], base_paths=['.'], packages_ignore=None, packages_ignore_regex=None, paths=None, packages_up_to=None, packages_up_to_regex=None, packages_above=None, packages_above_and_dependencies=None, packages_above_depth=None, packages_select_by_dep=None, packages_skip_by_dep=None, packages_skip_up_to=None, packages_select_build_failed=False, packages_skip_build_finished=False, packages_select_test_failures=False, packages_skip_test_passed=False, packages_select=None, packages_skip=None, packages_select_regex=None, packages_skip_regex=None, packages_start=None, packages_end=None, allow_overriding=[], cmake_args=None, cmake_target=None, cmake_target_skip_unavailable=False, cmake_clean_cache=False, cmake_clean_first=False, cmake_force_configure=False, ament_cmake_args=None, catkin_cmake_args=None, catkin_skip_building_tests=False, verb_parser=<colcon_defaults.argument_parser.defaults.DefaultArgumentsDecorator object at 0xffff7f550c40>, verb_extension=<colcon_core.verb.build.BuildVerb object at 0xffff7f671840>, main=<bound method BuildVerb.main of <colcon_core.verb.build.BuildVerb object at 0xffff7f671840>>)
[1.843s] Level 1:colcon.colcon_core.package_discovery:discover_packages(colcon_meta) check parameters
[1.843s] Level 1:colcon.colcon_core.package_discovery:discover_packages(recursive) check parameters
[1.844s] Level 1:colcon.colcon_core.package_discovery:discover_packages(ignore) check parameters
[1.844s] Level 1:colcon.colcon_core.package_discovery:discover_packages(path) check parameters
[1.844s] Level 1:colcon.colcon_core.package_discovery:discover_packages(colcon_meta) discover
[1.844s] Level 1:colcon.colcon_core.package_discovery:discover_packages(recursive) discover
[1.844s] INFO:colcon.colcon_core.package_discovery:Crawling recursively for packages in '/home/rock-e/motor_control'
[1.845s] Level 1:colcon.colcon_core.package_identification:_identify(.) by extensions ['ignore', 'ignore_ament_install']
[1.845s] Level 1:colcon.colcon_core.package_identification:_identify(.) by extension 'ignore'
[1.846s] Level 1:colcon.colcon_core.package_identification:_identify(.) by extension 'ignore_ament_install'
[1.846s] Level 1:colcon.colcon_core.package_identification:_identify(.) by extensions ['colcon_pkg']
[1.846s] Level 1:colcon.colcon_core.package_identification:_identify(.) by extension 'colcon_pkg'
[1.846s] Level 1:colcon.colcon_core.package_identification:_identify(.) by extensions ['colcon_meta']
[1.846s] Level 1:colcon.colcon_core.package_identification:_identify(.) by extension 'colcon_meta'
[1.847s] Level 1:colcon.colcon_core.package_identification:_identify(.) by extensions ['ros']
[1.847s] Level 1:colcon.colcon_core.package_identification:_identify(.) by extension 'ros'
[1.926s] Level 1:colcon.colcon_core.package_identification:_identify(.) by extensions ['cmake', 'python']
[1.926s] Level 1:colcon.colcon_core.package_identification:_identify(.) by extension 'cmake'
[1.927s] Level 1:colcon.colcon_core.package_identification:_identify(.) by extension 'python'
[1.927s] Level 1:colcon.colcon_core.package_identification:_identify(.) by extensions ['python_setup_py']
[1.927s] Level 1:colcon.colcon_core.package_identification:_identify(.) by extension 'python_setup_py'
[1.928s] Level 1:colcon.colcon_core.package_identification:_identify(build) by extensions ['ignore', 'ignore_ament_install']
[1.928s] Level 1:colcon.colcon_core.package_identification:_identify(build) by extension 'ignore'
[1.929s] Level 1:colcon.colcon_core.package_identification:_identify(build) ignored
[1.930s] Level 1:colcon.colcon_core.package_identification:_identify(install) by extensions ['ignore', 'ignore_ament_install']
[1.930s] Level 1:colcon.colcon_core.package_identification:_identify(install) by extension 'ignore'
[1.930s] Level 1:colcon.colcon_core.package_identification:_identify(install) ignored
[1.931s] Level 1:colcon.colcon_core.package_identification:_identify(log) by extensions ['ignore', 'ignore_ament_install']
[1.931s] Level 1:colcon.colcon_core.package_identification:_identify(log) by extension 'ignore'
[1.931s] Level 1:colcon.colcon_core.package_identification:_identify(log) ignored
[1.932s] Level 1:colcon.colcon_core.package_identification:_identify(src) by extensions ['ignore', 'ignore_ament_install']
[1.932s] Level 1:colcon.colcon_core.package_identification:_identify(src) by extension 'ignore'
[1.932s] Level 1:colcon.colcon_core.package_identification:_identify(src) by extension 'ignore_ament_install'
[1.932s] Level 1:colcon.colcon_core.package_identification:_identify(src) by extensions ['colcon_pkg']
[1.933s] Level 1:colcon.colcon_core.package_identification:_identify(src) by extension 'colcon_pkg'
[1.933s] Level 1:colcon.colcon_core.package_identification:_identify(src) by extensions ['colcon_meta']
[1.933s] Level 1:colcon.colcon_core.package_identification:_identify(src) by extension 'colcon_meta'
[1.933s] Level 1:colcon.colcon_core.package_identification:_identify(src) by extensions ['ros']
[1.933s] Level 1:colcon.colcon_core.package_identification:_identify(src) by extension 'ros'
[1.934s] Level 1:colcon.colcon_core.package_identification:_identify(src) by extensions ['cmake', 'python']
[1.934s] Level 1:colcon.colcon_core.package_identification:_identify(src) by extension 'cmake'
[1.934s] Level 1:colcon.colcon_core.package_identification:_identify(src) by extension 'python'
[1.934s] Level 1:colcon.colcon_core.package_identification:_identify(src) by extensions ['python_setup_py']
[1.934s] Level 1:colcon.colcon_core.package_identification:_identify(src) by extension 'python_setup_py'
[1.935s] Level 1:colcon.colcon_core.package_identification:_identify(src/diffdrive_arduino) by extensions ['ignore', 'ignore_ament_install']
[1.935s] Level 1:colcon.colcon_core.package_identification:_identify(src/diffdrive_arduino) by extension 'ignore'
[1.935s] Level 1:colcon.colcon_core.package_identification:_identify(src/diffdrive_arduino) by extension 'ignore_ament_install'
[1.936s] Level 1:colcon.colcon_core.package_identification:_identify(src/diffdrive_arduino) by extensions ['colcon_pkg']
[1.936s] Level 1:colcon.colcon_core.package_identification:_identify(src/diffdrive_arduino) by extension 'colcon_pkg'
[1.936s] Level 1:colcon.colcon_core.package_identification:_identify(src/diffdrive_arduino) by extensions ['colcon_meta']
[1.936s] Level 1:colcon.colcon_core.package_identification:_identify(src/diffdrive_arduino) by extension 'colcon_meta'
[1.936s] Level 1:colcon.colcon_core.package_identification:_identify(src/diffdrive_arduino) by extensions ['ros']
[1.937s] Level 1:colcon.colcon_core.package_identification:_identify(src/diffdrive_arduino) by extension 'ros'
[1.951s] DEBUG:colcon.colcon_core.package_identification:Package 'src/diffdrive_arduino' with type 'ros.ament_cmake' and name 'diffdrive_arduino'
[1.951s] Level 1:colcon.colcon_core.package_discovery:discover_packages(recursive) using defaults
[1.952s] Level 1:colcon.colcon_core.package_discovery:discover_packages(ignore) discover
[1.952s] Level 1:colcon.colcon_core.package_discovery:discover_packages(ignore) using defaults
[1.952s] Level 1:colcon.colcon_core.package_discovery:discover_packages(path) discover
[1.952s] Level 1:colcon.colcon_core.package_discovery:discover_packages(path) using defaults
[2.086s] Level 1:colcon.colcon_core.package_discovery:discover_packages(prefix_path) check parameters
[2.086s] Level 1:colcon.colcon_core.package_discovery:discover_packages(prefix_path) discover
[2.147s] DEBUG:colcon.colcon_installed_package_information.package_discovery:Found 371 installed packages in /opt/ros/humble
[2.157s] Level 1:colcon.colcon_core.package_discovery:discover_packages(prefix_path) using defaults
[2.401s] Level 5:colcon.colcon_core.verb:set package 'diffdrive_arduino' build argument 'cmake_args' from command line to 'None'
[2.402s] Level 5:colcon.colcon_core.verb:set package 'diffdrive_arduino' build argument 'cmake_target' from command line to 'None'
[2.402s] Level 5:colcon.colcon_core.verb:set package 'diffdrive_arduino' build argument 'cmake_target_skip_unavailable' from command line to 'False'
[2.402s] Level 5:colcon.colcon_core.verb:set package 'diffdrive_arduino' build argument 'cmake_clean_cache' from command line to 'False'
[2.402s] Level 5:colcon.colcon_core.verb:set package 'diffdrive_arduino' build argument 'cmake_clean_first' from command line to 'False'
[2.402s] Level 5:colcon.colcon_core.verb:set package 'diffdrive_arduino' build argument 'cmake_force_configure' from command line to 'False'
[2.402s] Level 5:colcon.colcon_core.verb:set package 'diffdrive_arduino' build argument 'ament_cmake_args' from command line to 'None'
[2.402s] Level 5:colcon.colcon_core.verb:set package 'diffdrive_arduino' build argument 'catkin_cmake_args' from command line to 'None'
[2.402s] Level 5:colcon.colcon_core.verb:set package 'diffdrive_arduino' build argument 'catkin_skip_building_tests' from command line to 'False'
[2.403s] DEBUG:colcon.colcon_core.verb:Building package 'diffdrive_arduino' with the following arguments: {'ament_cmake_args': None, 'build_base': '/home/rock-e/motor_control/build/diffdrive_arduino', 'catkin_cmake_args': None, 'catkin_skip_building_tests': False, 'cmake_args': None, 'cmake_clean_cache': False, 'cmake_clean_first': False, 'cmake_force_configure': False, 'cmake_target': None, 'cmake_target_skip_unavailable': False, 'install_base': '/home/rock-e/motor_control/install/diffdrive_arduino', 'merge_install': False, 'path': '/home/rock-e/motor_control/src/diffdrive_arduino', 'symlink_install': True, 'test_result_base': None}
[2.403s] INFO:colcon.colcon_core.executor:Executing jobs using 'parallel' executor
[2.407s] DEBUG:colcon.colcon_parallel_executor.executor.parallel:run_until_complete
[2.408s] INFO:colcon.colcon_ros.task.ament_cmake.build:Building ROS package in '/home/rock-e/motor_control/src/diffdrive_arduino' with build type 'ament_cmake'
[2.409s] INFO:colcon.colcon_cmake.task.cmake.build:Building CMake package in '/home/rock-e/motor_control/src/diffdrive_arduino'
[2.432s] INFO:colcon.colcon_core.plugin_system:Skipping extension 'colcon_core.shell.bat': Not used on non-Windows systems
[2.433s] INFO:colcon.colcon_core.shell:Skip shell extension 'powershell' for command environment: Not usable outside of PowerShell
[2.434s] DEBUG:colcon.colcon_core.shell:Skip shell extension 'dsv' for command environment
[2.495s] DEBUG:colcon.colcon_core.event_handler.log_command:Invoking command in '/home/rock-e/motor_control/build/diffdrive_arduino': CMAKE_PREFIX_PATH=/opt/ros/humble /usr/bin/cmake --build /home/rock-e/motor_control/build/diffdrive_arduino -- -j4 -l4
[17.242s] DEBUG:colcon.colcon_core.event_handler.log_command:Invoked command in '/home/rock-e/motor_control/build/diffdrive_arduino' returned '2': CMAKE_PREFIX_PATH=/opt/ros/humble /usr/bin/cmake --build /home/rock-e/motor_control/build/diffdrive_arduino -- -j4 -l4
[17.397s] Level 1:colcon.colcon_core.environment:create_environment_scripts_only(diffdrive_arduino)
[17.411s] Level 1:colcon.colcon_core.environment:checking '/home/rock-e/motor_control/install/diffdrive_arduino' for CMake module files
[17.414s] Level 1:colcon.colcon_core.environment:checking '/home/rock-e/motor_control/install/diffdrive_arduino' for CMake config files
[17.417s] Level 1:colcon.colcon_core.shell:create_environment_hook('diffdrive_arduino', 'cmake_prefix_path')
[17.418s] INFO:colcon.colcon_core.shell:Creating environment hook '/home/rock-e/motor_control/install/diffdrive_arduino/share/diffdrive_arduino/hook/cmake_prefix_path.ps1'
[17.421s] INFO:colcon.colcon_core.shell:Creating environment descriptor '/home/rock-e/motor_control/install/diffdrive_arduino/share/diffdrive_arduino/hook/cmake_prefix_path.dsv'
[17.423s] INFO:colcon.colcon_core.shell:Creating environment hook '/home/rock-e/motor_control/install/diffdrive_arduino/share/diffdrive_arduino/hook/cmake_prefix_path.sh'
[17.428s] Level 1:colcon.colcon_core.environment:checking '/home/rock-e/motor_control/install/diffdrive_arduino/lib'
[17.429s] Level 1:colcon.colcon_core.shell:create_environment_hook('diffdrive_arduino', 'ld_library_path_lib')
[17.430s] INFO:colcon.colcon_core.shell:Creating environment hook '/home/rock-e/motor_control/install/diffdrive_arduino/share/diffdrive_arduino/hook/ld_library_path_lib.ps1'
[17.432s] INFO:colcon.colcon_core.shell:Creating environment descriptor '/home/rock-e/motor_control/install/diffdrive_arduino/share/diffdrive_arduino/hook/ld_library_path_lib.dsv'
[17.434s] INFO:colcon.colcon_core.shell:Creating environment hook '/home/rock-e/motor_control/install/diffdrive_arduino/share/diffdrive_arduino/hook/ld_library_path_lib.sh'
[17.436s] Level 1:colcon.colcon_core.environment:checking '/home/rock-e/motor_control/install/diffdrive_arduino/bin'
[17.437s] Level 1:colcon.colcon_core.environment:checking '/home/rock-e/motor_control/install/diffdrive_arduino/lib/pkgconfig/diffdrive_arduino.pc'
[17.438s] Level 1:colcon.colcon_core.environment:checking '/home/rock-e/motor_control/install/diffdrive_arduino/lib/python3.10/site-packages'
[17.439s] Level 1:colcon.colcon_core.environment:checking '/home/rock-e/motor_control/install/diffdrive_arduino/bin'
[17.440s] INFO:colcon.colcon_core.shell:Creating package script '/home/rock-e/motor_control/install/diffdrive_arduino/share/diffdrive_arduino/package.ps1'
[17.444s] INFO:colcon.colcon_core.shell:Creating package descriptor '/home/rock-e/motor_control/install/diffdrive_arduino/share/diffdrive_arduino/package.dsv'
[17.447s] INFO:colcon.colcon_core.shell:Creating package script '/home/rock-e/motor_control/install/diffdrive_arduino/share/diffdrive_arduino/package.sh'
[17.451s] INFO:colcon.colcon_core.shell:Creating package script '/home/rock-e/motor_control/install/diffdrive_arduino/share/diffdrive_arduino/package.bash'
[17.456s] INFO:colcon.colcon_core.shell:Creating package script '/home/rock-e/motor_control/install/diffdrive_arduino/share/diffdrive_arduino/package.zsh'
[17.460s] Level 1:colcon.colcon_core.environment:create_file_with_runtime_dependencies(/home/rock-e/motor_control/install/diffdrive_arduino/share/colcon-core/packages/diffdrive_arduino)
[17.472s] DEBUG:colcon.colcon_parallel_executor.executor.parallel:closing loop
[17.473s] DEBUG:colcon.colcon_parallel_executor.executor.parallel:loop closed
[17.473s] DEBUG:colcon.colcon_parallel_executor.executor.parallel:run_until_complete finished with '2'
[17.473s] DEBUG:colcon.colcon_core.event_reactor:joining thread
[17.508s] INFO:colcon.colcon_core.plugin_system:Skipping extension 'colcon_notification.desktop_notification.terminal_notifier': Not used on non-Darwin systems
[17.509s] INFO:colcon.colcon_core.plugin_system:Skipping extension 'colcon_notification.desktop_notification.win32': Not used on non-Windows systems
[17.509s] INFO:colcon.colcon_notification.desktop_notification:Sending desktop notification using 'notify2'
[17.578s] DEBUG:colcon.colcon_core.event_reactor:joined thread
[17.580s] INFO:colcon.colcon_core.shell:Creating prefix script '/home/rock-e/motor_control/install/local_setup.ps1'
[17.587s] INFO:colcon.colcon_core.shell:Creating prefix util module '/home/rock-e/motor_control/install/_local_setup_util_ps1.py'
[17.594s] INFO:colcon.colcon_core.shell:Creating prefix chain script '/home/rock-e/motor_control/install/setup.ps1'
[17.600s] INFO:colcon.colcon_core.shell:Creating prefix script '/home/rock-e/motor_control/install/local_setup.sh'
[17.604s] INFO:colcon.colcon_core.shell:Creating prefix util module '/home/rock-e/motor_control/install/_local_setup_util_sh.py'
[17.607s] INFO:colcon.colcon_core.shell:Creating prefix chain script '/home/rock-e/motor_control/install/setup.sh'
[17.613s] INFO:colcon.colcon_core.shell:Creating prefix script '/home/rock-e/motor_control/install/local_setup.bash'
[17.617s] INFO:colcon.colcon_core.shell:Creating prefix chain script '/home/rock-e/motor_control/install/setup.bash'
[17.622s] INFO:colcon.colcon_core.shell:Creating prefix script '/home/rock-e/motor_control/install/local_setup.zsh'
[17.626s] INFO:colcon.colcon_core.shell:Creating prefix chain script '/home/rock-e/motor_control/install/setup.zsh'
