[0.843s] DEBUG:colcon:Command line arguments: ['/usr/bin/colcon', 'build', '--symlink-install']
[0.843s] DEBUG:colcon:Parsed command line arguments: Namespace(log_base=None, log_level=None, verb_name='build', build_base='build', install_base='install', merge_install=False, symlink_install=True, test_result_base=None, continue_on_error=False, executor='parallel', parallel_workers=4, event_handlers=None, ignore_user_meta=False, metas=['./colcon.meta'], base_paths=['.'], packages_ignore=None, packages_ignore_regex=None, paths=None, packages_up_to=None, packages_up_to_regex=None, packages_above=None, packages_above_and_dependencies=None, packages_above_depth=None, packages_select_by_dep=None, packages_skip_by_dep=None, packages_skip_up_to=None, packages_select_build_failed=False, packages_skip_build_finished=False, packages_select_test_failures=False, packages_skip_test_passed=False, packages_select=None, packages_skip=None, packages_select_regex=None, packages_skip_regex=None, packages_start=None, packages_end=None, allow_overriding=[], cmake_args=None, cmake_target=None, cmake_target_skip_unavailable=False, cmake_clean_cache=False, cmake_clean_first=False, cmake_force_configure=False, ament_cmake_args=None, catkin_cmake_args=None, catkin_skip_building_tests=False, verb_parser=<colcon_defaults.argument_parser.defaults.DefaultArgumentsDecorator object at 0xffffb330d450>, verb_extension=<colcon_core.verb.build.BuildVerb object at 0xffffb330d000>, main=<bound method BuildVerb.main of <colcon_core.verb.build.BuildVerb object at 0xffffb330d000>>)
[2.512s] Level 1:colcon.colcon_core.package_discovery:discover_packages(colcon_meta) check parameters
[2.513s] Level 1:colcon.colcon_core.package_discovery:discover_packages(recursive) check parameters
[2.513s] Level 1:colcon.colcon_core.package_discovery:discover_packages(ignore) check parameters
[2.514s] Level 1:colcon.colcon_core.package_discovery:discover_packages(path) check parameters
[2.514s] Level 1:colcon.colcon_core.package_discovery:discover_packages(colcon_meta) discover
[2.514s] Level 1:colcon.colcon_core.package_discovery:discover_packages(recursive) discover
[2.514s] INFO:colcon.colcon_core.package_discovery:Crawling recursively for packages in '/home/rock-e/motor_control'
[2.515s] Level 1:colcon.colcon_core.package_identification:_identify(.) by extensions ['ignore', 'ignore_ament_install']
[2.516s] Level 1:colcon.colcon_core.package_identification:_identify(.) by extension 'ignore'
[2.516s] Level 1:colcon.colcon_core.package_identification:_identify(.) by extension 'ignore_ament_install'
[2.516s] Level 1:colcon.colcon_core.package_identification:_identify(.) by extensions ['colcon_pkg']
[2.517s] Level 1:colcon.colcon_core.package_identification:_identify(.) by extension 'colcon_pkg'
[2.517s] Level 1:colcon.colcon_core.package_identification:_identify(.) by extensions ['colcon_meta']
[2.517s] Level 1:colcon.colcon_core.package_identification:_identify(.) by extension 'colcon_meta'
[2.518s] Level 1:colcon.colcon_core.package_identification:_identify(.) by extensions ['ros']
[2.518s] Level 1:colcon.colcon_core.package_identification:_identify(.) by extension 'ros'
[2.664s] Level 1:colcon.colcon_core.package_identification:_identify(.) by extensions ['cmake', 'python']
[2.665s] Level 1:colcon.colcon_core.package_identification:_identify(.) by extension 'cmake'
[2.665s] Level 1:colcon.colcon_core.package_identification:_identify(.) by extension 'python'
[2.665s] Level 1:colcon.colcon_core.package_identification:_identify(.) by extensions ['python_setup_py']
[2.666s] Level 1:colcon.colcon_core.package_identification:_identify(.) by extension 'python_setup_py'
[2.666s] Level 1:colcon.colcon_core.package_identification:_identify(build) by extensions ['ignore', 'ignore_ament_install']
[2.667s] Level 1:colcon.colcon_core.package_identification:_identify(build) by extension 'ignore'
[2.667s] Level 1:colcon.colcon_core.package_identification:_identify(build) ignored
[2.668s] Level 1:colcon.colcon_core.package_identification:_identify(install) by extensions ['ignore', 'ignore_ament_install']
[2.669s] Level 1:colcon.colcon_core.package_identification:_identify(install) by extension 'ignore'
[2.669s] Level 1:colcon.colcon_core.package_identification:_identify(install) ignored
[2.669s] Level 1:colcon.colcon_core.package_identification:_identify(log) by extensions ['ignore', 'ignore_ament_install']
[2.670s] Level 1:colcon.colcon_core.package_identification:_identify(log) by extension 'ignore'
[2.670s] Level 1:colcon.colcon_core.package_identification:_identify(log) ignored
[2.670s] Level 1:colcon.colcon_core.package_identification:_identify(src) by extensions ['ignore', 'ignore_ament_install']
[2.671s] Level 1:colcon.colcon_core.package_identification:_identify(src) by extension 'ignore'
[2.671s] Level 1:colcon.colcon_core.package_identification:_identify(src) by extension 'ignore_ament_install'
[2.671s] Level 1:colcon.colcon_core.package_identification:_identify(src) by extensions ['colcon_pkg']
[2.671s] Level 1:colcon.colcon_core.package_identification:_identify(src) by extension 'colcon_pkg'
[2.672s] Level 1:colcon.colcon_core.package_identification:_identify(src) by extensions ['colcon_meta']
[2.672s] Level 1:colcon.colcon_core.package_identification:_identify(src) by extension 'colcon_meta'
[2.672s] Level 1:colcon.colcon_core.package_identification:_identify(src) by extensions ['ros']
[2.672s] Level 1:colcon.colcon_core.package_identification:_identify(src) by extension 'ros'
[2.673s] Level 1:colcon.colcon_core.package_identification:_identify(src) by extensions ['cmake', 'python']
[2.673s] Level 1:colcon.colcon_core.package_identification:_identify(src) by extension 'cmake'
[2.673s] Level 1:colcon.colcon_core.package_identification:_identify(src) by extension 'python'
[2.673s] Level 1:colcon.colcon_core.package_identification:_identify(src) by extensions ['python_setup_py']
[2.674s] Level 1:colcon.colcon_core.package_identification:_identify(src) by extension 'python_setup_py'
[2.674s] Level 1:colcon.colcon_core.package_identification:_identify(src/diffdrive_arduino) by extensions ['ignore', 'ignore_ament_install']
[2.675s] Level 1:colcon.colcon_core.package_identification:_identify(src/diffdrive_arduino) by extension 'ignore'
[2.675s] Level 1:colcon.colcon_core.package_identification:_identify(src/diffdrive_arduino) by extension 'ignore_ament_install'
[2.675s] Level 1:colcon.colcon_core.package_identification:_identify(src/diffdrive_arduino) by extensions ['colcon_pkg']
[2.676s] Level 1:colcon.colcon_core.package_identification:_identify(src/diffdrive_arduino) by extension 'colcon_pkg'
[2.676s] Level 1:colcon.colcon_core.package_identification:_identify(src/diffdrive_arduino) by extensions ['colcon_meta']
[2.676s] Level 1:colcon.colcon_core.package_identification:_identify(src/diffdrive_arduino) by extension 'colcon_meta'
[2.677s] Level 1:colcon.colcon_core.package_identification:_identify(src/diffdrive_arduino) by extensions ['ros']
[2.677s] Level 1:colcon.colcon_core.package_identification:_identify(src/diffdrive_arduino) by extension 'ros'
[2.697s] DEBUG:colcon.colcon_core.package_identification:Package 'src/diffdrive_arduino' with type 'ros.ament_cmake' and name 'diffdrive_arduino'
[2.697s] Level 1:colcon.colcon_core.package_discovery:discover_packages(recursive) using defaults
[2.697s] Level 1:colcon.colcon_core.package_discovery:discover_packages(ignore) discover
[2.698s] Level 1:colcon.colcon_core.package_discovery:discover_packages(ignore) using defaults
[2.698s] Level 1:colcon.colcon_core.package_discovery:discover_packages(path) discover
[2.698s] Level 1:colcon.colcon_core.package_discovery:discover_packages(path) using defaults
[2.836s] Level 1:colcon.colcon_core.package_discovery:discover_packages(prefix_path) check parameters
[2.837s] Level 1:colcon.colcon_core.package_discovery:discover_packages(prefix_path) discover
[2.853s] DEBUG:colcon.colcon_installed_package_information.package_discovery:Found 1 installed packages in /home/rock-e/lidar_ws/install
[2.856s] DEBUG:colcon.colcon_installed_package_information.package_discovery:Found 2 installed packages in /home/rock-e/rock_e_ws/install
[2.872s] DEBUG:colcon.colcon_installed_package_information.package_discovery:Found 373 installed packages in /opt/ros/humble
[2.920s] Level 1:colcon.colcon_core.package_discovery:discover_packages(prefix_path) using defaults
[3.199s] Level 5:colcon.colcon_core.verb:set package 'diffdrive_arduino' build argument 'cmake_args' from command line to 'None'
[3.199s] Level 5:colcon.colcon_core.verb:set package 'diffdrive_arduino' build argument 'cmake_target' from command line to 'None'
[3.199s] Level 5:colcon.colcon_core.verb:set package 'diffdrive_arduino' build argument 'cmake_target_skip_unavailable' from command line to 'False'
[3.199s] Level 5:colcon.colcon_core.verb:set package 'diffdrive_arduino' build argument 'cmake_clean_cache' from command line to 'False'
[3.199s] Level 5:colcon.colcon_core.verb:set package 'diffdrive_arduino' build argument 'cmake_clean_first' from command line to 'False'
[3.200s] Level 5:colcon.colcon_core.verb:set package 'diffdrive_arduino' build argument 'cmake_force_configure' from command line to 'False'
[3.200s] Level 5:colcon.colcon_core.verb:set package 'diffdrive_arduino' build argument 'ament_cmake_args' from command line to 'None'
[3.200s] Level 5:colcon.colcon_core.verb:set package 'diffdrive_arduino' build argument 'catkin_cmake_args' from command line to 'None'
[3.200s] Level 5:colcon.colcon_core.verb:set package 'diffdrive_arduino' build argument 'catkin_skip_building_tests' from command line to 'False'
[3.200s] DEBUG:colcon.colcon_core.verb:Building package 'diffdrive_arduino' with the following arguments: {'ament_cmake_args': None, 'build_base': '/home/rock-e/motor_control/build/diffdrive_arduino', 'catkin_cmake_args': None, 'catkin_skip_building_tests': False, 'cmake_args': None, 'cmake_clean_cache': False, 'cmake_clean_first': False, 'cmake_force_configure': False, 'cmake_target': None, 'cmake_target_skip_unavailable': False, 'install_base': '/home/rock-e/motor_control/install/diffdrive_arduino', 'merge_install': False, 'path': '/home/rock-e/motor_control/src/diffdrive_arduino', 'symlink_install': True, 'test_result_base': None}
[3.201s] INFO:colcon.colcon_core.executor:Executing jobs using 'parallel' executor
[3.204s] DEBUG:colcon.colcon_parallel_executor.executor.parallel:run_until_complete
[3.205s] INFO:colcon.colcon_ros.task.ament_cmake.build:Building ROS package in '/home/rock-e/motor_control/src/diffdrive_arduino' with build type 'ament_cmake'
[3.206s] INFO:colcon.colcon_cmake.task.cmake.build:Building CMake package in '/home/rock-e/motor_control/src/diffdrive_arduino'
[3.239s] INFO:colcon.colcon_core.plugin_system:Skipping extension 'colcon_core.shell.bat': Not used on non-Windows systems
[3.241s] INFO:colcon.colcon_core.shell:Skip shell extension 'powershell' for command environment: Not usable outside of PowerShell
[3.242s] DEBUG:colcon.colcon_core.shell:Skip shell extension 'dsv' for command environment
[3.307s] DEBUG:colcon.colcon_core.event_handler.log_command:Invoking command in '/home/rock-e/motor_control/build/diffdrive_arduino': CMAKE_PREFIX_PATH=${CMAKE_PREFIX_PATH}:/opt/ros/humble /usr/bin/cmake /home/rock-e/motor_control/src/diffdrive_arduino -DAMENT_CMAKE_SYMLINK_INSTALL=1 -DCMAKE_INSTALL_PREFIX=/home/rock-e/motor_control/install/diffdrive_arduino
[8.707s] DEBUG:colcon.colcon_core.event_handler.log_command:Invoked command in '/home/rock-e/motor_control/build/diffdrive_arduino' returned '0': CMAKE_PREFIX_PATH=${CMAKE_PREFIX_PATH}:/opt/ros/humble /usr/bin/cmake /home/rock-e/motor_control/src/diffdrive_arduino -DAMENT_CMAKE_SYMLINK_INSTALL=1 -DCMAKE_INSTALL_PREFIX=/home/rock-e/motor_control/install/diffdrive_arduino
[8.732s] DEBUG:colcon.colcon_core.event_handler.log_command:Invoking command in '/home/rock-e/motor_control/build/diffdrive_arduino': CMAKE_PREFIX_PATH=${CMAKE_PREFIX_PATH}:/opt/ros/humble /usr/bin/cmake --build /home/rock-e/motor_control/build/diffdrive_arduino -- -j4 -l4
[9.279s] DEBUG:colcon.colcon_core.event_handler.log_command:Invoked command in '/home/rock-e/motor_control/build/diffdrive_arduino' returned '0': CMAKE_PREFIX_PATH=${CMAKE_PREFIX_PATH}:/opt/ros/humble /usr/bin/cmake --build /home/rock-e/motor_control/build/diffdrive_arduino -- -j4 -l4
[9.519s] DEBUG:colcon.colcon_core.event_handler.log_command:Invoking command in '/home/rock-e/motor_control/build/diffdrive_arduino': CMAKE_PREFIX_PATH=${CMAKE_PREFIX_PATH}:/opt/ros/humble /usr/bin/cmake --install /home/rock-e/motor_control/build/diffdrive_arduino
[9.729s] Level 1:colcon.colcon_core.environment:create_environment_scripts_only(diffdrive_arduino)
[9.732s] DEBUG:colcon.colcon_core.event_handler.log_command:Invoked command in '/home/rock-e/motor_control/build/diffdrive_arduino' returned '0': CMAKE_PREFIX_PATH=${CMAKE_PREFIX_PATH}:/opt/ros/humble /usr/bin/cmake --install /home/rock-e/motor_control/build/diffdrive_arduino
[9.772s] Level 1:colcon.colcon_core.environment:checking '/home/rock-e/motor_control/install/diffdrive_arduino' for CMake module files
[9.777s] Level 1:colcon.colcon_core.environment:checking '/home/rock-e/motor_control/install/diffdrive_arduino' for CMake config files
[9.780s] Level 1:colcon.colcon_core.shell:create_environment_hook('diffdrive_arduino', 'cmake_prefix_path')
[9.781s] INFO:colcon.colcon_core.shell:Creating environment hook '/home/rock-e/motor_control/install/diffdrive_arduino/share/diffdrive_arduino/hook/cmake_prefix_path.ps1'
[9.787s] INFO:colcon.colcon_core.shell:Creating environment descriptor '/home/rock-e/motor_control/install/diffdrive_arduino/share/diffdrive_arduino/hook/cmake_prefix_path.dsv'
[9.792s] INFO:colcon.colcon_core.shell:Creating environment hook '/home/rock-e/motor_control/install/diffdrive_arduino/share/diffdrive_arduino/hook/cmake_prefix_path.sh'
[9.799s] Level 1:colcon.colcon_core.environment:checking '/home/rock-e/motor_control/install/diffdrive_arduino/lib'
[9.800s] Level 1:colcon.colcon_core.shell:create_environment_hook('diffdrive_arduino', 'ld_library_path_lib')
[9.802s] INFO:colcon.colcon_core.shell:Creating environment hook '/home/rock-e/motor_control/install/diffdrive_arduino/share/diffdrive_arduino/hook/ld_library_path_lib.ps1'
[9.804s] INFO:colcon.colcon_core.shell:Creating environment descriptor '/home/rock-e/motor_control/install/diffdrive_arduino/share/diffdrive_arduino/hook/ld_library_path_lib.dsv'
[9.807s] INFO:colcon.colcon_core.shell:Creating environment hook '/home/rock-e/motor_control/install/diffdrive_arduino/share/diffdrive_arduino/hook/ld_library_path_lib.sh'
[9.811s] Level 1:colcon.colcon_core.environment:checking '/home/rock-e/motor_control/install/diffdrive_arduino/bin'
[9.811s] Level 1:colcon.colcon_core.environment:checking '/home/rock-e/motor_control/install/diffdrive_arduino/lib/pkgconfig/diffdrive_arduino.pc'
[9.812s] Level 1:colcon.colcon_core.environment:checking '/home/rock-e/motor_control/install/diffdrive_arduino/lib/python3.10/site-packages'
[9.814s] Level 1:colcon.colcon_core.environment:checking '/home/rock-e/motor_control/install/diffdrive_arduino/bin'
[9.815s] INFO:colcon.colcon_core.shell:Creating package script '/home/rock-e/motor_control/install/diffdrive_arduino/share/diffdrive_arduino/package.ps1'
[9.820s] INFO:colcon.colcon_core.shell:Creating package descriptor '/home/rock-e/motor_control/install/diffdrive_arduino/share/diffdrive_arduino/package.dsv'
[9.825s] INFO:colcon.colcon_core.shell:Creating package script '/home/rock-e/motor_control/install/diffdrive_arduino/share/diffdrive_arduino/package.sh'
[9.830s] INFO:colcon.colcon_core.shell:Creating package script '/home/rock-e/motor_control/install/diffdrive_arduino/share/diffdrive_arduino/package.bash'
[9.837s] INFO:colcon.colcon_core.shell:Creating package script '/home/rock-e/motor_control/install/diffdrive_arduino/share/diffdrive_arduino/package.zsh'
[9.843s] Level 1:colcon.colcon_core.environment:create_file_with_runtime_dependencies(/home/rock-e/motor_control/install/diffdrive_arduino/share/colcon-core/packages/diffdrive_arduino)
[10.021s] Level 1:colcon.colcon_core.environment:create_environment_scripts_only(diffdrive_arduino)
[10.022s] Level 1:colcon.colcon_core.environment:checking '/home/rock-e/motor_control/install/diffdrive_arduino' for CMake module files
[10.028s] Level 1:colcon.colcon_core.environment:checking '/home/rock-e/motor_control/install/diffdrive_arduino' for CMake config files
[10.032s] Level 1:colcon.colcon_core.shell:create_environment_hook('diffdrive_arduino', 'cmake_prefix_path')
[10.034s] INFO:colcon.colcon_core.shell:Creating environment hook '/home/rock-e/motor_control/install/diffdrive_arduino/share/diffdrive_arduino/hook/cmake_prefix_path.ps1'
[10.036s] INFO:colcon.colcon_core.shell:Creating environment descriptor '/home/rock-e/motor_control/install/diffdrive_arduino/share/diffdrive_arduino/hook/cmake_prefix_path.dsv'
[10.038s] INFO:colcon.colcon_core.shell:Creating environment hook '/home/rock-e/motor_control/install/diffdrive_arduino/share/diffdrive_arduino/hook/cmake_prefix_path.sh'
[10.043s] Level 1:colcon.colcon_core.environment:checking '/home/rock-e/motor_control/install/diffdrive_arduino/lib'
[10.043s] Level 1:colcon.colcon_core.shell:create_environment_hook('diffdrive_arduino', 'ld_library_path_lib')
[10.044s] INFO:colcon.colcon_core.shell:Creating environment hook '/home/rock-e/motor_control/install/diffdrive_arduino/share/diffdrive_arduino/hook/ld_library_path_lib.ps1'
[10.047s] INFO:colcon.colcon_core.shell:Creating environment descriptor '/home/rock-e/motor_control/install/diffdrive_arduino/share/diffdrive_arduino/hook/ld_library_path_lib.dsv'
[10.050s] INFO:colcon.colcon_core.shell:Creating environment hook '/home/rock-e/motor_control/install/diffdrive_arduino/share/diffdrive_arduino/hook/ld_library_path_lib.sh'
[10.052s] Level 1:colcon.colcon_core.environment:checking '/home/rock-e/motor_control/install/diffdrive_arduino/bin'
[10.052s] Level 1:colcon.colcon_core.environment:checking '/home/rock-e/motor_control/install/diffdrive_arduino/lib/pkgconfig/diffdrive_arduino.pc'
[10.053s] Level 1:colcon.colcon_core.environment:checking '/home/rock-e/motor_control/install/diffdrive_arduino/lib/python3.10/site-packages'
[10.055s] Level 1:colcon.colcon_core.environment:checking '/home/rock-e/motor_control/install/diffdrive_arduino/bin'
[10.056s] INFO:colcon.colcon_core.shell:Creating package script '/home/rock-e/motor_control/install/diffdrive_arduino/share/diffdrive_arduino/package.ps1'
[10.060s] INFO:colcon.colcon_core.shell:Creating package descriptor '/home/rock-e/motor_control/install/diffdrive_arduino/share/diffdrive_arduino/package.dsv'
[10.064s] INFO:colcon.colcon_core.shell:Creating package script '/home/rock-e/motor_control/install/diffdrive_arduino/share/diffdrive_arduino/package.sh'
[10.067s] INFO:colcon.colcon_core.shell:Creating package script '/home/rock-e/motor_control/install/diffdrive_arduino/share/diffdrive_arduino/package.bash'
[10.070s] INFO:colcon.colcon_core.shell:Creating package script '/home/rock-e/motor_control/install/diffdrive_arduino/share/diffdrive_arduino/package.zsh'
[10.072s] Level 1:colcon.colcon_core.environment:create_file_with_runtime_dependencies(/home/rock-e/motor_control/install/diffdrive_arduino/share/colcon-core/packages/diffdrive_arduino)
[10.074s] DEBUG:colcon.colcon_parallel_executor.executor.parallel:closing loop
[10.076s] DEBUG:colcon.colcon_parallel_executor.executor.parallel:loop closed
[10.077s] DEBUG:colcon.colcon_parallel_executor.executor.parallel:run_until_complete finished with '0'
[10.077s] DEBUG:colcon.colcon_core.event_reactor:joining thread
[10.131s] INFO:colcon.colcon_core.plugin_system:Skipping extension 'colcon_notification.desktop_notification.terminal_notifier': Not used on non-Darwin systems
[10.132s] INFO:colcon.colcon_core.plugin_system:Skipping extension 'colcon_notification.desktop_notification.win32': Not used on non-Windows systems
[10.132s] INFO:colcon.colcon_notification.desktop_notification:Sending desktop notification using 'notify2'
[10.275s] DEBUG:colcon.colcon_core.event_reactor:joined thread
[10.279s] INFO:colcon.colcon_core.shell:Creating prefix script '/home/rock-e/motor_control/install/local_setup.ps1'
[10.287s] INFO:colcon.colcon_core.shell:Creating prefix util module '/home/rock-e/motor_control/install/_local_setup_util_ps1.py'
[10.299s] INFO:colcon.colcon_core.shell:Creating prefix chain script '/home/rock-e/motor_control/install/setup.ps1'
[10.308s] INFO:colcon.colcon_core.shell:Creating prefix script '/home/rock-e/motor_control/install/local_setup.sh'
[10.314s] INFO:colcon.colcon_core.shell:Creating prefix util module '/home/rock-e/motor_control/install/_local_setup_util_sh.py'
[10.318s] INFO:colcon.colcon_core.shell:Creating prefix chain script '/home/rock-e/motor_control/install/setup.sh'
[10.327s] INFO:colcon.colcon_core.shell:Creating prefix script '/home/rock-e/motor_control/install/local_setup.bash'
[10.333s] INFO:colcon.colcon_core.shell:Creating prefix chain script '/home/rock-e/motor_control/install/setup.bash'
[10.343s] INFO:colcon.colcon_core.shell:Creating prefix script '/home/rock-e/motor_control/install/local_setup.zsh'
[10.349s] INFO:colcon.colcon_core.shell:Creating prefix chain script '/home/rock-e/motor_control/install/setup.zsh'
